2024-07-23T10:03:43.858+05:30  INFO 22432 --- [stock-service] [restartedMain] com.abc.stock.StockServiceApplication    : Starting StockServiceApplication using Java 17.0.11 with PID 22432 (D:\trainings\wipro\batch2\stsworkspace3\stock-service\target\classes started by DELL in D:\trainings\wipro\batch2\stsworkspace3\stock-service)
2024-07-23T10:03:43.858+05:30  INFO 22432 --- [stock-service] [restartedMain] com.abc.stock.StockServiceApplication    : No active profile set, falling back to 1 default profile: "default"
2024-07-23T10:03:44.333+05:30  INFO 22432 --- [stock-service] [restartedMain] o.s.cloud.context.scope.GenericScope     : BeanFactory id=851132c8-f0d1-3be8-8ad9-cf970a4249b9
2024-07-23T10:03:44.353+05:30  WARN 22432 --- [stock-service] [restartedMain] trationDelegate$BeanPostProcessorChecker : Bean 'org.springframework.cloud.client.loadbalancer.LoadBalancerAutoConfiguration$DeferringLoadBalancerInterceptorConfig' of type [org.springframework.cloud.client.loadbalancer.LoadBalancerAutoConfiguration$DeferringLoadBalancerInterceptorConfig] is not eligible for getting processed by all BeanPostProcessors (for example: not eligible for auto-proxying). The currently created BeanPostProcessor [lbRestClientPostProcessor] is declared through a non-static factory method on that class; consider declaring it as static instead.
2024-07-23T10:03:44.355+05:30  WARN 22432 --- [stock-service] [restartedMain] trationDelegate$BeanPostProcessorChecker : Bean 'deferringLoadBalancerInterceptor' of type [org.springframework.cloud.client.loadbalancer.DeferringLoadBalancerInterceptor] is not eligible for getting processed by all BeanPostProcessors (for example: not eligible for auto-proxying). Is this bean getting eagerly injected into a currently created BeanPostProcessor [lbRestClientPostProcessor]? Check the corresponding BeanPostProcessor declaration and its dependencies.
2024-07-23T10:03:44.511+05:30  INFO 22432 --- [stock-service] [restartedMain] o.s.b.w.embedded.tomcat.TomcatWebServer  : Tomcat initialized with port 8082 (http)
2024-07-23T10:03:44.513+05:30  INFO 22432 --- [stock-service] [restartedMain] o.apache.catalina.core.StandardService   : Starting service [Tomcat]
2024-07-23T10:03:44.513+05:30  INFO 22432 --- [stock-service] [restartedMain] o.apache.catalina.core.StandardEngine    : Starting Servlet engine: [Apache Tomcat/10.1.24]
2024-07-23T10:03:44.586+05:30  INFO 22432 --- [stock-service] [restartedMain] o.a.c.c.C.[Tomcat].[localhost].[/]       : Initializing Spring embedded WebApplicationContext
2024-07-23T10:03:44.586+05:30  INFO 22432 --- [stock-service] [restartedMain] w.s.c.ServletWebServerApplicationContext : Root WebApplicationContext: initialization completed in 726 ms
2024-07-23T10:03:44.839+05:30  WARN 22432 --- [stock-service] [restartedMain] o.s.b.d.a.OptionalLiveReloadServer       : Unable to start LiveReload server
2024-07-23T10:03:46.059+05:30  INFO 22432 --- [stock-service] [restartedMain] o.s.cloud.commons.util.InetUtils         : Cannot determine local hostname
2024-07-23T10:03:47.242+05:30  INFO 22432 --- [stock-service] [restartedMain] o.s.cloud.commons.util.InetUtils         : Cannot determine local hostname
2024-07-23T10:03:47.249+05:30  INFO 22432 --- [stock-service] [restartedMain] DiscoveryClientOptionalArgsConfiguration : Eureka HTTP Client uses RestTemplate.
2024-07-23T10:03:47.264+05:30  WARN 22432 --- [stock-service] [restartedMain] iguration$LoadBalancerCaffeineWarnLogger : Spring Cloud LoadBalancer is currently working with the default cache. While this cache implementation is useful for development and tests, it's recommended to use Caffeine cache in production.You can switch to using Caffeine cache, by adding it and org.springframework.cache.caffeine.CaffeineCacheManager to the classpath.
2024-07-23T10:03:47.297+05:30  INFO 22432 --- [stock-service] [restartedMain] o.s.c.n.eureka.InstanceInfoFactory       : Setting initial instance status as: STARTING
2024-07-23T10:03:47.301+05:30  INFO 22432 --- [stock-service] [restartedMain] com.netflix.discovery.DiscoveryClient    : Initializing Eureka in region us-east-1
2024-07-23T10:03:47.302+05:30  INFO 22432 --- [stock-service] [restartedMain] c.n.d.s.r.aws.ConfigClusterResolver      : Resolving eureka endpoints via configuration
2024-07-23T10:03:47.317+05:30  INFO 22432 --- [stock-service] [restartedMain] com.netflix.discovery.DiscoveryClient    : Disable delta property : false
2024-07-23T10:03:47.317+05:30  INFO 22432 --- [stock-service] [restartedMain] com.netflix.discovery.DiscoveryClient    : Single vip registry refresh property : null
2024-07-23T10:03:47.317+05:30  INFO 22432 --- [stock-service] [restartedMain] com.netflix.discovery.DiscoveryClient    : Force full registry fetch : false
2024-07-23T10:03:47.318+05:30  INFO 22432 --- [stock-service] [restartedMain] com.netflix.discovery.DiscoveryClient    : Application is null : false
2024-07-23T10:03:47.318+05:30  INFO 22432 --- [stock-service] [restartedMain] com.netflix.discovery.DiscoveryClient    : Registered Applications size is zero : true
2024-07-23T10:03:47.318+05:30  INFO 22432 --- [stock-service] [restartedMain] com.netflix.discovery.DiscoveryClient    : Application version is -1: true
2024-07-23T10:03:47.318+05:30  INFO 22432 --- [stock-service] [restartedMain] com.netflix.discovery.DiscoveryClient    : Getting all instance registry info from the eureka server
2024-07-23T10:03:47.391+05:30  INFO 22432 --- [stock-service] [restartedMain] com.netflix.discovery.DiscoveryClient    : The response status is 200
2024-07-23T10:03:47.392+05:30  INFO 22432 --- [stock-service] [restartedMain] com.netflix.discovery.DiscoveryClient    : Starting heartbeat executor: renew interval is: 30
2024-07-23T10:03:47.392+05:30  INFO 22432 --- [stock-service] [restartedMain] c.n.discovery.InstanceInfoReplicator     : InstanceInfoReplicator onDemand update allowed rate per min is 4
2024-07-23T10:03:47.393+05:30  INFO 22432 --- [stock-service] [restartedMain] com.netflix.discovery.DiscoveryClient    : Discovery Client initialized at timestamp 1721709227393 with initial instances count: 3
2024-07-23T10:03:47.394+05:30  INFO 22432 --- [stock-service] [restartedMain] o.s.c.n.e.s.EurekaServiceRegistry        : Registering application STOCK-SERVICE with eureka with status UP
2024-07-23T10:03:47.394+05:30  INFO 22432 --- [stock-service] [restartedMain] com.netflix.discovery.DiscoveryClient    : Saw local status change event StatusChangeEvent [timestamp=1721709227394, current=UP, previous=STARTING]
2024-07-23T10:03:47.395+05:30  INFO 22432 --- [stock-service] [DiscoveryClient-InstanceInfoReplicator-0] com.netflix.discovery.DiscoveryClient    : DiscoveryClient_STOCK-SERVICE/localhost:stock-service:8082: registering service...
2024-07-23T10:03:47.399+05:30  INFO 22432 --- [stock-service] [restartedMain] o.s.b.w.embedded.tomcat.TomcatWebServer  : Tomcat started on port 8082 (http) with context path ''
2024-07-23T10:03:47.400+05:30  INFO 22432 --- [stock-service] [restartedMain] .s.c.n.e.s.EurekaAutoServiceRegistration : Updating port to 8082
2024-07-23T10:03:47.419+05:30  INFO 22432 --- [stock-service] [DiscoveryClient-InstanceInfoReplicator-0] com.netflix.discovery.DiscoveryClient    : DiscoveryClient_STOCK-SERVICE/localhost:stock-service:8082 - registration status: 204
2024-07-23T10:03:48.643+05:30  INFO 22432 --- [stock-service] [restartedMain] o.s.cloud.commons.util.InetUtils         : Cannot determine local hostname
2024-07-23T10:03:48.651+05:30  INFO 22432 --- [stock-service] [restartedMain] o.a.k.clients.consumer.ConsumerConfig    : ConsumerConfig values: 
	allow.auto.create.topics = true
	auto.commit.interval.ms = 5000
	auto.include.jmx.reporter = true
	auto.offset.reset = earliest
	bootstrap.servers = [localhost:9092]
	check.crcs = true
	client.dns.lookup = use_all_dns_ips
	client.id = consumer-stock-2
	client.rack = 
	connections.max.idle.ms = 540000
	default.api.timeout.ms = 60000
	enable.auto.commit = false
	exclude.internal.topics = true
	fetch.max.bytes = 52428800
	fetch.max.wait.ms = 500
	fetch.min.bytes = 1
	group.id = stock
	group.instance.id = null
	heartbeat.interval.ms = 3000
	interceptor.classes = []
	internal.leave.group.on.close = true
	internal.throw.on.fetch.stable.offset.unsupported = false
	isolation.level = read_uncommitted
	key.deserializer = class org.apache.kafka.common.serialization.StringDeserializer
	max.partition.fetch.bytes = 1048576
	max.poll.interval.ms = 300000
	max.poll.records = 500
	metadata.max.age.ms = 300000
	metric.reporters = []
	metrics.num.samples = 2
	metrics.recording.level = INFO
	metrics.sample.window.ms = 30000
	partition.assignment.strategy = [class org.apache.kafka.clients.consumer.RangeAssignor, class org.apache.kafka.clients.consumer.CooperativeStickyAssignor]
	receive.buffer.bytes = 65536
	reconnect.backoff.max.ms = 1000
	reconnect.backoff.ms = 50
	request.timeout.ms = 30000
	retry.backoff.ms = 100
	sasl.client.callback.handler.class = null
	sasl.jaas.config = null
	sasl.kerberos.kinit.cmd = /usr/bin/kinit
	sasl.kerberos.min.time.before.relogin = 60000
	sasl.kerberos.service.name = null
	sasl.kerberos.ticket.renew.jitter = 0.05
	sasl.kerberos.ticket.renew.window.factor = 0.8
	sasl.login.callback.handler.class = null
	sasl.login.class = null
	sasl.login.connect.timeout.ms = null
	sasl.login.read.timeout.ms = null
	sasl.login.refresh.buffer.seconds = 300
	sasl.login.refresh.min.period.seconds = 60
	sasl.login.refresh.window.factor = 0.8
	sasl.login.refresh.window.jitter = 0.05
	sasl.login.retry.backoff.max.ms = 10000
	sasl.login.retry.backoff.ms = 100
	sasl.mechanism = GSSAPI
	sasl.oauthbearer.clock.skew.seconds = 30
	sasl.oauthbearer.expected.audience = null
	sasl.oauthbearer.expected.issuer = null
	sasl.oauthbearer.jwks.endpoint.refresh.ms = 3600000
	sasl.oauthbearer.jwks.endpoint.retry.backoff.max.ms = 10000
	sasl.oauthbearer.jwks.endpoint.retry.backoff.ms = 100
	sasl.oauthbearer.jwks.endpoint.url = null
	sasl.oauthbearer.scope.claim.name = scope
	sasl.oauthbearer.sub.claim.name = sub
	sasl.oauthbearer.token.endpoint.url = null
	security.protocol = PLAINTEXT
	security.providers = null
	send.buffer.bytes = 131072
	session.timeout.ms = 45000
	socket.connection.setup.timeout.max.ms = 30000
	socket.connection.setup.timeout.ms = 10000
	ssl.cipher.suites = null
	ssl.enabled.protocols = [TLSv1.2, TLSv1.3]
	ssl.endpoint.identification.algorithm = https
	ssl.engine.factory.class = null
	ssl.key.password = null
	ssl.keymanager.algorithm = SunX509
	ssl.keystore.certificate.chain = null
	ssl.keystore.key = null
	ssl.keystore.location = null
	ssl.keystore.password = null
	ssl.keystore.type = JKS
	ssl.protocol = TLSv1.3
	ssl.provider = null
	ssl.secure.random.implementation = null
	ssl.trustmanager.algorithm = PKIX
	ssl.truststore.certificates = null
	ssl.truststore.location = null
	ssl.truststore.password = null
	ssl.truststore.type = JKS
	value.deserializer = class org.springframework.kafka.support.serializer.JsonDeserializer

2024-07-23T10:03:48.657+05:30  INFO 22432 --- [stock-service] [restartedMain] o.a.kafka.common.utils.AppInfoParser     : Kafka version: 3.6.2
2024-07-23T10:03:48.657+05:30  INFO 22432 --- [stock-service] [restartedMain] o.a.kafka.common.utils.AppInfoParser     : Kafka commitId: c4deed513057c94e
2024-07-23T10:03:48.657+05:30  INFO 22432 --- [stock-service] [restartedMain] o.a.kafka.common.utils.AppInfoParser     : Kafka startTimeMs: 1721709228657
2024-07-23T10:03:48.657+05:30  INFO 22432 --- [stock-service] [restartedMain] fkaConsumerFactory$ExtendedKafkaConsumer : [Consumer clientId=consumer-stock-2, groupId=stock] Subscribed to topic(s): order_topics
2024-07-23T10:03:48.660+05:30  INFO 22432 --- [stock-service] [org.springframework.kafka.KafkaListenerEndpointContainer#0-0-C-1] org.apache.kafka.clients.NetworkClient   : [Consumer clientId=consumer-stock-2, groupId=stock] Node -1 disconnected.
2024-07-23T10:03:48.660+05:30  WARN 22432 --- [stock-service] [org.springframework.kafka.KafkaListenerEndpointContainer#0-0-C-1] org.apache.kafka.clients.NetworkClient   : [Consumer clientId=consumer-stock-2, groupId=stock] Connection to node -1 (localhost/127.0.0.1:9092) could not be established. Broker may not be available.
2024-07-23T10:03:48.660+05:30  WARN 22432 --- [stock-service] [org.springframework.kafka.KafkaListenerEndpointContainer#0-0-C-1] org.apache.kafka.clients.NetworkClient   : [Consumer clientId=consumer-stock-2, groupId=stock] Bootstrap broker localhost:9092 (id: -1 rack: null) disconnected
2024-07-23T10:03:48.676+05:30  INFO 22432 --- [stock-service] [restartedMain] com.abc.stock.StockServiceApplication    : Started StockServiceApplication in 6.091 seconds (process running for 703.959)
2024-07-23T10:03:48.680+05:30  INFO 22432 --- [stock-service] [restartedMain] .ConditionEvaluationDeltaLoggingListener : Condition evaluation unchanged
2024-07-23T10:03:48.769+05:30  INFO 22432 --- [stock-service] [org.springframework.kafka.KafkaListenerEndpointContainer#0-0-C-1] org.apache.kafka.clients.NetworkClient   : [Consumer clientId=consumer-stock-2, groupId=stock] Node -1 disconnected.
2024-07-23T10:03:48.769+05:30  WARN 22432 --- [stock-service] [org.springframework.kafka.KafkaListenerEndpointContainer#0-0-C-1] org.apache.kafka.clients.NetworkClient   : [Consumer clientId=consumer-stock-2, groupId=stock] Connection to node -1 (localhost/127.0.0.1:9092) could not be established. Broker may not be available.
2024-07-23T10:03:48.769+05:30  WARN 22432 --- [stock-service] [org.springframework.kafka.KafkaListenerEndpointContainer#0-0-C-1] org.apache.kafka.clients.NetworkClient   : [Consumer clientId=consumer-stock-2, groupId=stock] Bootstrap broker localhost:9092 (id: -1 rack: null) disconnected
2024-07-23T10:03:48.879+05:30  INFO 22432 --- [stock-service] [org.springframework.kafka.KafkaListenerEndpointContainer#0-0-C-1] org.apache.kafka.clients.NetworkClient   : [Consumer clientId=consumer-stock-2, groupId=stock] Node -1 disconnected.
2024-07-23T10:03:48.879+05:30  WARN 22432 --- [stock-service] [org.springframework.kafka.KafkaListenerEndpointContainer#0-0-C-1] org.apache.kafka.clients.NetworkClient   : [Consumer clientId=consumer-stock-2, groupId=stock] Connection to node -1 (localhost/127.0.0.1:9092) could not be established. Broker may not be available.
2024-07-23T10:03:48.879+05:30  WARN 22432 --- [stock-service] [org.springframework.kafka.KafkaListenerEndpointContainer#0-0-C-1] org.apache.kafka.clients.NetworkClient   : [Consumer clientId=consumer-stock-2, groupId=stock] Bootstrap broker localhost:9092 (id: -1 rack: null) disconnected
2024-07-23T10:03:49.050+05:30  INFO 22432 --- [stock-service] [org.springframework.kafka.KafkaListenerEndpointContainer#0-0-C-1] org.apache.kafka.clients.NetworkClient   : [Consumer clientId=consumer-stock-2, groupId=stock] Node -1 disconnected.
2024-07-23T10:03:49.050+05:30  WARN 22432 --- [stock-service] [org.springframework.kafka.KafkaListenerEndpointContainer#0-0-C-1] org.apache.kafka.clients.NetworkClient   : [Consumer clientId=consumer-stock-2, groupId=stock] Connection to node -1 (localhost/127.0.0.1:9092) could not be established. Broker may not be available.
2024-07-23T10:03:49.050+05:30  WARN 22432 --- [stock-service] [org.springframework.kafka.KafkaListenerEndpointContainer#0-0-C-1] org.apache.kafka.clients.NetworkClient   : [Consumer clientId=consumer-stock-2, groupId=stock] Bootstrap broker localhost:9092 (id: -1 rack: null) disconnected
2024-07-23T10:03:49.410+05:30  INFO 22432 --- [stock-service] [org.springframework.kafka.KafkaListenerEndpointContainer#0-0-C-1] org.apache.kafka.clients.NetworkClient   : [Consumer clientId=consumer-stock-2, groupId=stock] Node -1 disconnected.
2024-07-23T10:03:49.410+05:30  WARN 22432 --- [stock-service] [org.springframework.kafka.KafkaListenerEndpointContainer#0-0-C-1] org.apache.kafka.clients.NetworkClient   : [Consumer clientId=consumer-stock-2, groupId=stock] Connection to node -1 (localhost/127.0.0.1:9092) could not be established. Broker may not be available.
2024-07-23T10:03:49.410+05:30  WARN 22432 --- [stock-service] [org.springframework.kafka.KafkaListenerEndpointContainer#0-0-C-1] org.apache.kafka.clients.NetworkClient   : [Consumer clientId=consumer-stock-2, groupId=stock] Bootstrap broker localhost:9092 (id: -1 rack: null) disconnected
2024-07-23T10:03:50.332+05:30  INFO 22432 --- [stock-service] [org.springframework.kafka.KafkaListenerEndpointContainer#0-0-C-1] org.apache.kafka.clients.NetworkClient   : [Consumer clientId=consumer-stock-2, groupId=stock] Node -1 disconnected.
2024-07-23T10:03:50.332+05:30  WARN 22432 --- [stock-service] [org.springframework.kafka.KafkaListenerEndpointContainer#0-0-C-1] org.apache.kafka.clients.NetworkClient   : [Consumer clientId=consumer-stock-2, groupId=stock] Connection to node -1 (localhost/127.0.0.1:9092) could not be established. Broker may not be available.
2024-07-23T10:03:50.332+05:30  WARN 22432 --- [stock-service] [org.springframework.kafka.KafkaListenerEndpointContainer#0-0-C-1] org.apache.kafka.clients.NetworkClient   : [Consumer clientId=consumer-stock-2, groupId=stock] Bootstrap broker localhost:9092 (id: -1 rack: null) disconnected
2024-07-23T10:03:51.313+05:30  INFO 22432 --- [stock-service] [org.springframework.kafka.KafkaListenerEndpointContainer#0-0-C-1] org.apache.kafka.clients.NetworkClient   : [Consumer clientId=consumer-stock-2, groupId=stock] Node -1 disconnected.
2024-07-23T10:03:51.314+05:30  WARN 22432 --- [stock-service] [org.springframework.kafka.KafkaListenerEndpointContainer#0-0-C-1] org.apache.kafka.clients.NetworkClient   : [Consumer clientId=consumer-stock-2, groupId=stock] Connection to node -1 (localhost/127.0.0.1:9092) could not be established. Broker may not be available.
2024-07-23T10:03:51.314+05:30  WARN 22432 --- [stock-service] [org.springframework.kafka.KafkaListenerEndpointContainer#0-0-C-1] org.apache.kafka.clients.NetworkClient   : [Consumer clientId=consumer-stock-2, groupId=stock] Bootstrap broker localhost:9092 (id: -1 rack: null) disconnected
2024-07-23T10:03:52.245+05:30  INFO 22432 --- [stock-service] [org.springframework.kafka.KafkaListenerEndpointContainer#0-0-C-1] org.apache.kafka.clients.NetworkClient   : [Consumer clientId=consumer-stock-2, groupId=stock] Node -1 disconnected.
2024-07-23T10:03:52.245+05:30  WARN 22432 --- [stock-service] [org.springframework.kafka.KafkaListenerEndpointContainer#0-0-C-1] org.apache.kafka.clients.NetworkClient   : [Consumer clientId=consumer-stock-2, groupId=stock] Connection to node -1 (localhost/127.0.0.1:9092) could not be established. Broker may not be available.
2024-07-23T10:03:52.245+05:30  WARN 22432 --- [stock-service] [org.springframework.kafka.KafkaListenerEndpointContainer#0-0-C-1] org.apache.kafka.clients.NetworkClient   : [Consumer clientId=consumer-stock-2, groupId=stock] Bootstrap broker localhost:9092 (id: -1 rack: null) disconnected
2024-07-23T10:03:53.414+05:30  INFO 22432 --- [stock-service] [org.springframework.kafka.KafkaListenerEndpointContainer#0-0-C-1] org.apache.kafka.clients.NetworkClient   : [Consumer clientId=consumer-stock-2, groupId=stock] Node -1 disconnected.
2024-07-23T10:03:53.414+05:30  WARN 22432 --- [stock-service] [org.springframework.kafka.KafkaListenerEndpointContainer#0-0-C-1] org.apache.kafka.clients.NetworkClient   : [Consumer clientId=consumer-stock-2, groupId=stock] Connection to node -1 (localhost/127.0.0.1:9092) could not be established. Broker may not be available.
2024-07-23T10:03:53.414+05:30  WARN 22432 --- [stock-service] [org.springframework.kafka.KafkaListenerEndpointContainer#0-0-C-1] org.apache.kafka.clients.NetworkClient   : [Consumer clientId=consumer-stock-2, groupId=stock] Bootstrap broker localhost:9092 (id: -1 rack: null) disconnected
2024-07-23T10:03:54.594+05:30  INFO 22432 --- [stock-service] [org.springframework.kafka.KafkaListenerEndpointContainer#0-0-C-1] org.apache.kafka.clients.NetworkClient   : [Consumer clientId=consumer-stock-2, groupId=stock] Node -1 disconnected.
2024-07-23T10:03:54.594+05:30  WARN 22432 --- [stock-service] [org.springframework.kafka.KafkaListenerEndpointContainer#0-0-C-1] org.apache.kafka.clients.NetworkClient   : [Consumer clientId=consumer-stock-2, groupId=stock] Connection to node -1 (localhost/127.0.0.1:9092) could not be established. Broker may not be available.
2024-07-23T10:03:54.594+05:30  WARN 22432 --- [stock-service] [org.springframework.kafka.KafkaListenerEndpointContainer#0-0-C-1] org.apache.kafka.clients.NetworkClient   : [Consumer clientId=consumer-stock-2, groupId=stock] Bootstrap broker localhost:9092 (id: -1 rack: null) disconnected
2024-07-23T10:03:55.763+05:30  INFO 22432 --- [stock-service] [org.springframework.kafka.KafkaListenerEndpointContainer#0-0-C-1] org.apache.kafka.clients.NetworkClient   : [Consumer clientId=consumer-stock-2, groupId=stock] Node -1 disconnected.
2024-07-23T10:03:55.763+05:30  WARN 22432 --- [stock-service] [org.springframework.kafka.KafkaListenerEndpointContainer#0-0-C-1] org.apache.kafka.clients.NetworkClient   : [Consumer clientId=consumer-stock-2, groupId=stock] Connection to node -1 (localhost/127.0.0.1:9092) could not be established. Broker may not be available.
2024-07-23T10:03:55.763+05:30  WARN 22432 --- [stock-service] [org.springframework.kafka.KafkaListenerEndpointContainer#0-0-C-1] org.apache.kafka.clients.NetworkClient   : [Consumer clientId=consumer-stock-2, groupId=stock] Bootstrap broker localhost:9092 (id: -1 rack: null) disconnected
2024-07-23T10:03:56.631+05:30  INFO 22432 --- [stock-service] [org.springframework.kafka.KafkaListenerEndpointContainer#0-0-C-1] org.apache.kafka.clients.NetworkClient   : [Consumer clientId=consumer-stock-2, groupId=stock] Node -1 disconnected.
2024-07-23T10:03:56.631+05:30  WARN 22432 --- [stock-service] [org.springframework.kafka.KafkaListenerEndpointContainer#0-0-C-1] org.apache.kafka.clients.NetworkClient   : [Consumer clientId=consumer-stock-2, groupId=stock] Connection to node -1 (localhost/127.0.0.1:9092) could not be established. Broker may not be available.
2024-07-23T10:03:56.631+05:30  WARN 22432 --- [stock-service] [org.springframework.kafka.KafkaListenerEndpointContainer#0-0-C-1] org.apache.kafka.clients.NetworkClient   : [Consumer clientId=consumer-stock-2, groupId=stock] Bootstrap broker localhost:9092 (id: -1 rack: null) disconnected
2024-07-23T10:03:57.546+05:30  INFO 22432 --- [stock-service] [org.springframework.kafka.KafkaListenerEndpointContainer#0-0-C-1] org.apache.kafka.clients.NetworkClient   : [Consumer clientId=consumer-stock-2, groupId=stock] Node -1 disconnected.
2024-07-23T10:03:57.547+05:30  WARN 22432 --- [stock-service] [org.springframework.kafka.KafkaListenerEndpointContainer#0-0-C-1] org.apache.kafka.clients.NetworkClient   : [Consumer clientId=consumer-stock-2, groupId=stock] Connection to node -1 (localhost/127.0.0.1:9092) could not be established. Broker may not be available.
2024-07-23T10:03:57.547+05:30  WARN 22432 --- [stock-service] [org.springframework.kafka.KafkaListenerEndpointContainer#0-0-C-1] org.apache.kafka.clients.NetworkClient   : [Consumer clientId=consumer-stock-2, groupId=stock] Bootstrap broker localhost:9092 (id: -1 rack: null) disconnected
2024-07-23T10:03:58.589+05:30  INFO 22432 --- [stock-service] [org.springframework.kafka.KafkaListenerEndpointContainer#0-0-C-1] org.apache.kafka.clients.NetworkClient   : [Consumer clientId=consumer-stock-2, groupId=stock] Node -1 disconnected.
2024-07-23T10:03:58.589+05:30  WARN 22432 --- [stock-service] [org.springframework.kafka.KafkaListenerEndpointContainer#0-0-C-1] org.apache.kafka.clients.NetworkClient   : [Consumer clientId=consumer-stock-2, groupId=stock] Connection to node -1 (localhost/127.0.0.1:9092) could not be established. Broker may not be available.
2024-07-23T10:03:58.589+05:30  WARN 22432 --- [stock-service] [org.springframework.kafka.KafkaListenerEndpointContainer#0-0-C-1] org.apache.kafka.clients.NetworkClient   : [Consumer clientId=consumer-stock-2, groupId=stock] Bootstrap broker localhost:9092 (id: -1 rack: null) disconnected
2024-07-23T10:03:59.632+05:30  INFO 22432 --- [stock-service] [org.springframework.kafka.KafkaListenerEndpointContainer#0-0-C-1] org.apache.kafka.clients.NetworkClient   : [Consumer clientId=consumer-stock-2, groupId=stock] Node -1 disconnected.
2024-07-23T10:03:59.632+05:30  WARN 22432 --- [stock-service] [org.springframework.kafka.KafkaListenerEndpointContainer#0-0-C-1] org.apache.kafka.clients.NetworkClient   : [Consumer clientId=consumer-stock-2, groupId=stock] Connection to node -1 (localhost/127.0.0.1:9092) could not be established. Broker may not be available.
2024-07-23T10:03:59.632+05:30  WARN 22432 --- [stock-service] [org.springframework.kafka.KafkaListenerEndpointContainer#0-0-C-1] org.apache.kafka.clients.NetworkClient   : [Consumer clientId=consumer-stock-2, groupId=stock] Bootstrap broker localhost:9092 (id: -1 rack: null) disconnected
2024-07-23T10:04:00.675+05:30  INFO 22432 --- [stock-service] [org.springframework.kafka.KafkaListenerEndpointContainer#0-0-C-1] org.apache.kafka.clients.NetworkClient   : [Consumer clientId=consumer-stock-2, groupId=stock] Node -1 disconnected.
2024-07-23T10:04:00.675+05:30  WARN 22432 --- [stock-service] [org.springframework.kafka.KafkaListenerEndpointContainer#0-0-C-1] org.apache.kafka.clients.NetworkClient   : [Consumer clientId=consumer-stock-2, groupId=stock] Connection to node -1 (localhost/127.0.0.1:9092) could not be established. Broker may not be available.
2024-07-23T10:04:00.675+05:30  WARN 22432 --- [stock-service] [org.springframework.kafka.KafkaListenerEndpointContainer#0-0-C-1] org.apache.kafka.clients.NetworkClient   : [Consumer clientId=consumer-stock-2, groupId=stock] Bootstrap broker localhost:9092 (id: -1 rack: null) disconnected
2024-07-23T10:04:01.846+05:30  INFO 22432 --- [stock-service] [org.springframework.kafka.KafkaListenerEndpointContainer#0-0-C-1] org.apache.kafka.clients.NetworkClient   : [Consumer clientId=consumer-stock-2, groupId=stock] Node -1 disconnected.
2024-07-23T10:04:01.847+05:30  WARN 22432 --- [stock-service] [org.springframework.kafka.KafkaListenerEndpointContainer#0-0-C-1] org.apache.kafka.clients.NetworkClient   : [Consumer clientId=consumer-stock-2, groupId=stock] Connection to node -1 (localhost/127.0.0.1:9092) could not be established. Broker may not be available.
2024-07-23T10:04:01.847+05:30  WARN 22432 --- [stock-service] [org.springframework.kafka.KafkaListenerEndpointContainer#0-0-C-1] org.apache.kafka.clients.NetworkClient   : [Consumer clientId=consumer-stock-2, groupId=stock] Bootstrap broker localhost:9092 (id: -1 rack: null) disconnected
2024-07-23T10:04:02.699+05:30  INFO 22432 --- [stock-service] [org.springframework.kafka.KafkaListenerEndpointContainer#0-0-C-1] org.apache.kafka.clients.NetworkClient   : [Consumer clientId=consumer-stock-2, groupId=stock] Node -1 disconnected.
2024-07-23T10:04:02.699+05:30  WARN 22432 --- [stock-service] [org.springframework.kafka.KafkaListenerEndpointContainer#0-0-C-1] org.apache.kafka.clients.NetworkClient   : [Consumer clientId=consumer-stock-2, groupId=stock] Connection to node -1 (localhost/127.0.0.1:9092) could not be established. Broker may not be available.
2024-07-23T10:04:02.699+05:30  WARN 22432 --- [stock-service] [org.springframework.kafka.KafkaListenerEndpointContainer#0-0-C-1] org.apache.kafka.clients.NetworkClient   : [Consumer clientId=consumer-stock-2, groupId=stock] Bootstrap broker localhost:9092 (id: -1 rack: null) disconnected
2024-07-23T10:04:03.802+05:30  INFO 22432 --- [stock-service] [org.springframework.kafka.KafkaListenerEndpointContainer#0-0-C-1] org.apache.kafka.clients.NetworkClient   : [Consumer clientId=consumer-stock-2, groupId=stock] Node -1 disconnected.
2024-07-23T10:04:03.802+05:30  WARN 22432 --- [stock-service] [org.springframework.kafka.KafkaListenerEndpointContainer#0-0-C-1] org.apache.kafka.clients.NetworkClient   : [Consumer clientId=consumer-stock-2, groupId=stock] Connection to node -1 (localhost/127.0.0.1:9092) could not be established. Broker may not be available.
2024-07-23T10:04:03.802+05:30  WARN 22432 --- [stock-service] [org.springframework.kafka.KafkaListenerEndpointContainer#0-0-C-1] org.apache.kafka.clients.NetworkClient   : [Consumer clientId=consumer-stock-2, groupId=stock] Bootstrap broker localhost:9092 (id: -1 rack: null) disconnected
2024-07-23T10:04:04.782+05:30  INFO 22432 --- [stock-service] [org.springframework.kafka.KafkaListenerEndpointContainer#0-0-C-1] org.apache.kafka.clients.NetworkClient   : [Consumer clientId=consumer-stock-2, groupId=stock] Node -1 disconnected.
2024-07-23T10:04:04.782+05:30  WARN 22432 --- [stock-service] [org.springframework.kafka.KafkaListenerEndpointContainer#0-0-C-1] org.apache.kafka.clients.NetworkClient   : [Consumer clientId=consumer-stock-2, groupId=stock] Connection to node -1 (localhost/127.0.0.1:9092) could not be established. Broker may not be available.
2024-07-23T10:04:04.782+05:30  WARN 22432 --- [stock-service] [org.springframework.kafka.KafkaListenerEndpointContainer#0-0-C-1] org.apache.kafka.clients.NetworkClient   : [Consumer clientId=consumer-stock-2, groupId=stock] Bootstrap broker localhost:9092 (id: -1 rack: null) disconnected
2024-07-23T10:04:05.762+05:30  INFO 22432 --- [stock-service] [org.springframework.kafka.KafkaListenerEndpointContainer#0-0-C-1] org.apache.kafka.clients.NetworkClient   : [Consumer clientId=consumer-stock-2, groupId=stock] Node -1 disconnected.
2024-07-23T10:04:05.763+05:30  WARN 22432 --- [stock-service] [org.springframework.kafka.KafkaListenerEndpointContainer#0-0-C-1] org.apache.kafka.clients.NetworkClient   : [Consumer clientId=consumer-stock-2, groupId=stock] Connection to node -1 (localhost/127.0.0.1:9092) could not be established. Broker may not be available.
2024-07-23T10:04:05.763+05:30  WARN 22432 --- [stock-service] [org.springframework.kafka.KafkaListenerEndpointContainer#0-0-C-1] org.apache.kafka.clients.NetworkClient   : [Consumer clientId=consumer-stock-2, groupId=stock] Bootstrap broker localhost:9092 (id: -1 rack: null) disconnected
2024-07-23T10:04:06.754+05:30  INFO 22432 --- [stock-service] [org.springframework.kafka.KafkaListenerEndpointContainer#0-0-C-1] org.apache.kafka.clients.NetworkClient   : [Consumer clientId=consumer-stock-2, groupId=stock] Node -1 disconnected.
2024-07-23T10:04:06.755+05:30  WARN 22432 --- [stock-service] [org.springframework.kafka.KafkaListenerEndpointContainer#0-0-C-1] org.apache.kafka.clients.NetworkClient   : [Consumer clientId=consumer-stock-2, groupId=stock] Connection to node -1 (localhost/127.0.0.1:9092) could not be established. Broker may not be available.
2024-07-23T10:04:06.755+05:30  WARN 22432 --- [stock-service] [org.springframework.kafka.KafkaListenerEndpointContainer#0-0-C-1] org.apache.kafka.clients.NetworkClient   : [Consumer clientId=consumer-stock-2, groupId=stock] Bootstrap broker localhost:9092 (id: -1 rack: null) disconnected
2024-07-23T10:04:07.740+05:30  INFO 22432 --- [stock-service] [org.springframework.kafka.KafkaListenerEndpointContainer#0-0-C-1] org.apache.kafka.clients.NetworkClient   : [Consumer clientId=consumer-stock-2, groupId=stock] Node -1 disconnected.
2024-07-23T10:04:07.740+05:30  WARN 22432 --- [stock-service] [org.springframework.kafka.KafkaListenerEndpointContainer#0-0-C-1] org.apache.kafka.clients.NetworkClient   : [Consumer clientId=consumer-stock-2, groupId=stock] Connection to node -1 (localhost/127.0.0.1:9092) could not be established. Broker may not be available.
2024-07-23T10:04:07.740+05:30  WARN 22432 --- [stock-service] [org.springframework.kafka.KafkaListenerEndpointContainer#0-0-C-1] org.apache.kafka.clients.NetworkClient   : [Consumer clientId=consumer-stock-2, groupId=stock] Bootstrap broker localhost:9092 (id: -1 rack: null) disconnected
2024-07-23T10:04:08.578+05:30  INFO 22432 --- [stock-service] [org.springframework.kafka.KafkaListenerEndpointContainer#0-0-C-1] org.apache.kafka.clients.NetworkClient   : [Consumer clientId=consumer-stock-2, groupId=stock] Node -1 disconnected.
2024-07-23T10:04:08.579+05:30  WARN 22432 --- [stock-service] [org.springframework.kafka.KafkaListenerEndpointContainer#0-0-C-1] org.apache.kafka.clients.NetworkClient   : [Consumer clientId=consumer-stock-2, groupId=stock] Connection to node -1 (localhost/127.0.0.1:9092) could not be established. Broker may not be available.
2024-07-23T10:04:08.579+05:30  WARN 22432 --- [stock-service] [org.springframework.kafka.KafkaListenerEndpointContainer#0-0-C-1] org.apache.kafka.clients.NetworkClient   : [Consumer clientId=consumer-stock-2, groupId=stock] Bootstrap broker localhost:9092 (id: -1 rack: null) disconnected
2024-07-23T10:04:09.557+05:30  INFO 22432 --- [stock-service] [org.springframework.kafka.KafkaListenerEndpointContainer#0-0-C-1] org.apache.kafka.clients.NetworkClient   : [Consumer clientId=consumer-stock-2, groupId=stock] Node -1 disconnected.
2024-07-23T10:04:09.557+05:30  WARN 22432 --- [stock-service] [org.springframework.kafka.KafkaListenerEndpointContainer#0-0-C-1] org.apache.kafka.clients.NetworkClient   : [Consumer clientId=consumer-stock-2, groupId=stock] Connection to node -1 (localhost/127.0.0.1:9092) could not be established. Broker may not be available.
2024-07-23T10:04:09.557+05:30  WARN 22432 --- [stock-service] [org.springframework.kafka.KafkaListenerEndpointContainer#0-0-C-1] org.apache.kafka.clients.NetworkClient   : [Consumer clientId=consumer-stock-2, groupId=stock] Bootstrap broker localhost:9092 (id: -1 rack: null) disconnected
2024-07-23T10:04:10.678+05:30  INFO 22432 --- [stock-service] [org.springframework.kafka.KafkaListenerEndpointContainer#0-0-C-1] org.apache.kafka.clients.NetworkClient   : [Consumer clientId=consumer-stock-2, groupId=stock] Node -1 disconnected.
2024-07-23T10:04:10.678+05:30  WARN 22432 --- [stock-service] [org.springframework.kafka.KafkaListenerEndpointContainer#0-0-C-1] org.apache.kafka.clients.NetworkClient   : [Consumer clientId=consumer-stock-2, groupId=stock] Connection to node -1 (localhost/127.0.0.1:9092) could not be established. Broker may not be available.
2024-07-23T10:04:10.678+05:30  WARN 22432 --- [stock-service] [org.springframework.kafka.KafkaListenerEndpointContainer#0-0-C-1] org.apache.kafka.clients.NetworkClient   : [Consumer clientId=consumer-stock-2, groupId=stock] Bootstrap broker localhost:9092 (id: -1 rack: null) disconnected
2024-07-23T10:04:11.661+05:30  INFO 22432 --- [stock-service] [org.springframework.kafka.KafkaListenerEndpointContainer#0-0-C-1] org.apache.kafka.clients.NetworkClient   : [Consumer clientId=consumer-stock-2, groupId=stock] Node -1 disconnected.
2024-07-23T10:04:11.661+05:30  WARN 22432 --- [stock-service] [org.springframework.kafka.KafkaListenerEndpointContainer#0-0-C-1] org.apache.kafka.clients.NetworkClient   : [Consumer clientId=consumer-stock-2, groupId=stock] Connection to node -1 (localhost/127.0.0.1:9092) could not be established. Broker may not be available.
2024-07-23T10:04:11.662+05:30  WARN 22432 --- [stock-service] [org.springframework.kafka.KafkaListenerEndpointContainer#0-0-C-1] org.apache.kafka.clients.NetworkClient   : [Consumer clientId=consumer-stock-2, groupId=stock] Bootstrap broker localhost:9092 (id: -1 rack: null) disconnected
2024-07-23T10:04:12.704+05:30  INFO 22432 --- [stock-service] [org.springframework.kafka.KafkaListenerEndpointContainer#0-0-C-1] org.apache.kafka.clients.NetworkClient   : [Consumer clientId=consumer-stock-2, groupId=stock] Node -1 disconnected.
2024-07-23T10:04:12.705+05:30  WARN 22432 --- [stock-service] [org.springframework.kafka.KafkaListenerEndpointContainer#0-0-C-1] org.apache.kafka.clients.NetworkClient   : [Consumer clientId=consumer-stock-2, groupId=stock] Connection to node -1 (localhost/127.0.0.1:9092) could not be established. Broker may not be available.
2024-07-23T10:04:12.705+05:30  WARN 22432 --- [stock-service] [org.springframework.kafka.KafkaListenerEndpointContainer#0-0-C-1] org.apache.kafka.clients.NetworkClient   : [Consumer clientId=consumer-stock-2, groupId=stock] Bootstrap broker localhost:9092 (id: -1 rack: null) disconnected
2024-07-23T10:04:13.621+05:30  INFO 22432 --- [stock-service] [org.springframework.kafka.KafkaListenerEndpointContainer#0-0-C-1] org.apache.kafka.clients.NetworkClient   : [Consumer clientId=consumer-stock-2, groupId=stock] Node -1 disconnected.
2024-07-23T10:04:13.621+05:30  WARN 22432 --- [stock-service] [org.springframework.kafka.KafkaListenerEndpointContainer#0-0-C-1] org.apache.kafka.clients.NetworkClient   : [Consumer clientId=consumer-stock-2, groupId=stock] Connection to node -1 (localhost/127.0.0.1:9092) could not be established. Broker may not be available.
2024-07-23T10:04:13.622+05:30  WARN 22432 --- [stock-service] [org.springframework.kafka.KafkaListenerEndpointContainer#0-0-C-1] org.apache.kafka.clients.NetworkClient   : [Consumer clientId=consumer-stock-2, groupId=stock] Bootstrap broker localhost:9092 (id: -1 rack: null) disconnected
2024-07-23T10:04:14.602+05:30  INFO 22432 --- [stock-service] [org.springframework.kafka.KafkaListenerEndpointContainer#0-0-C-1] org.apache.kafka.clients.NetworkClient   : [Consumer clientId=consumer-stock-2, groupId=stock] Node -1 disconnected.
2024-07-23T10:04:14.602+05:30  WARN 22432 --- [stock-service] [org.springframework.kafka.KafkaListenerEndpointContainer#0-0-C-1] org.apache.kafka.clients.NetworkClient   : [Consumer clientId=consumer-stock-2, groupId=stock] Connection to node -1 (localhost/127.0.0.1:9092) could not be established. Broker may not be available.
2024-07-23T10:04:14.602+05:30  WARN 22432 --- [stock-service] [org.springframework.kafka.KafkaListenerEndpointContainer#0-0-C-1] org.apache.kafka.clients.NetworkClient   : [Consumer clientId=consumer-stock-2, groupId=stock] Bootstrap broker localhost:9092 (id: -1 rack: null) disconnected
2024-07-23T10:04:15.586+05:30  INFO 22432 --- [stock-service] [org.springframework.kafka.KafkaListenerEndpointContainer#0-0-C-1] org.apache.kafka.clients.NetworkClient   : [Consumer clientId=consumer-stock-2, groupId=stock] Node -1 disconnected.
2024-07-23T10:04:15.586+05:30  WARN 22432 --- [stock-service] [org.springframework.kafka.KafkaListenerEndpointContainer#0-0-C-1] org.apache.kafka.clients.NetworkClient   : [Consumer clientId=consumer-stock-2, groupId=stock] Connection to node -1 (localhost/127.0.0.1:9092) could not be established. Broker may not be available.
2024-07-23T10:04:15.587+05:30  WARN 22432 --- [stock-service] [org.springframework.kafka.KafkaListenerEndpointContainer#0-0-C-1] org.apache.kafka.clients.NetworkClient   : [Consumer clientId=consumer-stock-2, groupId=stock] Bootstrap broker localhost:9092 (id: -1 rack: null) disconnected
2024-07-23T10:04:16.502+05:30  INFO 22432 --- [stock-service] [org.springframework.kafka.KafkaListenerEndpointContainer#0-0-C-1] org.apache.kafka.clients.NetworkClient   : [Consumer clientId=consumer-stock-2, groupId=stock] Node -1 disconnected.
2024-07-23T10:04:16.503+05:30  WARN 22432 --- [stock-service] [org.springframework.kafka.KafkaListenerEndpointContainer#0-0-C-1] org.apache.kafka.clients.NetworkClient   : [Consumer clientId=consumer-stock-2, groupId=stock] Connection to node -1 (localhost/127.0.0.1:9092) could not be established. Broker may not be available.
2024-07-23T10:04:16.503+05:30  WARN 22432 --- [stock-service] [org.springframework.kafka.KafkaListenerEndpointContainer#0-0-C-1] org.apache.kafka.clients.NetworkClient   : [Consumer clientId=consumer-stock-2, groupId=stock] Bootstrap broker localhost:9092 (id: -1 rack: null) disconnected
2024-07-23T10:04:17.737+05:30  INFO 22432 --- [stock-service] [org.springframework.kafka.KafkaListenerEndpointContainer#0-0-C-1] org.apache.kafka.clients.NetworkClient   : [Consumer clientId=consumer-stock-2, groupId=stock] Node -1 disconnected.
2024-07-23T10:04:17.737+05:30  WARN 22432 --- [stock-service] [org.springframework.kafka.KafkaListenerEndpointContainer#0-0-C-1] org.apache.kafka.clients.NetworkClient   : [Consumer clientId=consumer-stock-2, groupId=stock] Connection to node -1 (localhost/127.0.0.1:9092) could not be established. Broker may not be available.
2024-07-23T10:04:17.737+05:30  WARN 22432 --- [stock-service] [org.springframework.kafka.KafkaListenerEndpointContainer#0-0-C-1] org.apache.kafka.clients.NetworkClient   : [Consumer clientId=consumer-stock-2, groupId=stock] Bootstrap broker localhost:9092 (id: -1 rack: null) disconnected
2024-07-23T10:04:18.886+05:30  INFO 22432 --- [stock-service] [org.springframework.kafka.KafkaListenerEndpointContainer#0-0-C-1] org.apache.kafka.clients.NetworkClient   : [Consumer clientId=consumer-stock-2, groupId=stock] Node -1 disconnected.
2024-07-23T10:04:18.886+05:30  WARN 22432 --- [stock-service] [org.springframework.kafka.KafkaListenerEndpointContainer#0-0-C-1] org.apache.kafka.clients.NetworkClient   : [Consumer clientId=consumer-stock-2, groupId=stock] Connection to node -1 (localhost/127.0.0.1:9092) could not be established. Broker may not be available.
2024-07-23T10:04:18.887+05:30  WARN 22432 --- [stock-service] [org.springframework.kafka.KafkaListenerEndpointContainer#0-0-C-1] org.apache.kafka.clients.NetworkClient   : [Consumer clientId=consumer-stock-2, groupId=stock] Bootstrap broker localhost:9092 (id: -1 rack: null) disconnected
2024-07-23T10:04:19.951+05:30  INFO 22432 --- [stock-service] [org.springframework.kafka.KafkaListenerEndpointContainer#0-0-C-1] org.apache.kafka.clients.NetworkClient   : [Consumer clientId=consumer-stock-2, groupId=stock] Node -1 disconnected.
2024-07-23T10:04:19.954+05:30  WARN 22432 --- [stock-service] [org.springframework.kafka.KafkaListenerEndpointContainer#0-0-C-1] org.apache.kafka.clients.NetworkClient   : [Consumer clientId=consumer-stock-2, groupId=stock] Connection to node -1 (localhost/127.0.0.1:9092) could not be established. Broker may not be available.
2024-07-23T10:04:19.967+05:30  WARN 22432 --- [stock-service] [org.springframework.kafka.KafkaListenerEndpointContainer#0-0-C-1] org.apache.kafka.clients.NetworkClient   : [Consumer clientId=consumer-stock-2, groupId=stock] Bootstrap broker localhost:9092 (id: -1 rack: null) disconnected
2024-07-23T10:04:21.089+05:30  INFO 22432 --- [stock-service] [org.springframework.kafka.KafkaListenerEndpointContainer#0-0-C-1] org.apache.kafka.clients.Metadata        : [Consumer clientId=consumer-stock-2, groupId=stock] Cluster ID: XrR8YNZ1R_2wZmgLQo900w
2024-07-23T10:04:21.106+05:30  INFO 22432 --- [stock-service] [org.springframework.kafka.KafkaListenerEndpointContainer#0-0-C-1] o.a.k.c.c.internals.ConsumerCoordinator  : [Consumer clientId=consumer-stock-2, groupId=stock] Discovered group coordinator 192.168.1.37:9092 (id: 2147483647 rack: null)
2024-07-23T10:04:21.107+05:30  INFO 22432 --- [stock-service] [org.springframework.kafka.KafkaListenerEndpointContainer#0-0-C-1] o.a.k.c.c.internals.ConsumerCoordinator  : [Consumer clientId=consumer-stock-2, groupId=stock] (Re-)joining group
2024-07-23T10:04:21.138+05:30  INFO 22432 --- [stock-service] [org.springframework.kafka.KafkaListenerEndpointContainer#0-0-C-1] o.a.k.c.c.internals.ConsumerCoordinator  : [Consumer clientId=consumer-stock-2, groupId=stock] Request joining group due to: need to re-join with the given member-id: consumer-stock-2-eec49832-fb84-44e0-8eda-2411b9e128e3
2024-07-23T10:04:21.139+05:30  INFO 22432 --- [stock-service] [org.springframework.kafka.KafkaListenerEndpointContainer#0-0-C-1] o.a.k.c.c.internals.ConsumerCoordinator  : [Consumer clientId=consumer-stock-2, groupId=stock] Request joining group due to: rebalance failed due to 'The group member needs to have a valid member id before actually entering a consumer group.' (MemberIdRequiredException)
2024-07-23T10:04:21.139+05:30  INFO 22432 --- [stock-service] [org.springframework.kafka.KafkaListenerEndpointContainer#0-0-C-1] o.a.k.c.c.internals.ConsumerCoordinator  : [Consumer clientId=consumer-stock-2, groupId=stock] (Re-)joining group
2024-07-23T10:04:34.472+05:30  INFO 22432 --- [stock-service] [org.springframework.kafka.KafkaListenerEndpointContainer#0-0-C-1] org.apache.kafka.clients.NetworkClient   : [Consumer clientId=consumer-stock-2, groupId=stock] Node -1 disconnected.
2024-07-23T10:04:34.473+05:30  INFO 22432 --- [stock-service] [org.springframework.kafka.KafkaListenerEndpointContainer#0-0-C-1] org.apache.kafka.clients.NetworkClient   : [Consumer clientId=consumer-stock-2, groupId=stock] Node 0 disconnected.
2024-07-23T10:04:34.473+05:30  INFO 22432 --- [stock-service] [org.springframework.kafka.KafkaListenerEndpointContainer#0-0-C-1] org.apache.kafka.clients.NetworkClient   : [Consumer clientId=consumer-stock-2, groupId=stock] Cancelled in-flight METADATA request with correlation id 8 due to node 0 being disconnected (elapsed time since creation: 1ms, elapsed time since send: 1ms, request timeout: 30000ms)
2024-07-23T10:04:34.473+05:30  INFO 22432 --- [stock-service] [org.springframework.kafka.KafkaListenerEndpointContainer#0-0-C-1] org.apache.kafka.clients.NetworkClient   : [Consumer clientId=consumer-stock-2, groupId=stock] Node 2147483647 disconnected.
2024-07-23T10:04:34.474+05:30  INFO 22432 --- [stock-service] [org.springframework.kafka.KafkaListenerEndpointContainer#0-0-C-1] org.apache.kafka.clients.NetworkClient   : [Consumer clientId=consumer-stock-2, groupId=stock] Cancelled in-flight JOIN_GROUP request with correlation id 7 due to node 2147483647 being disconnected (elapsed time since creation: 13334ms, elapsed time since send: 13334ms, request timeout: 305000ms)
2024-07-23T10:04:34.474+05:30  INFO 22432 --- [stock-service] [org.springframework.kafka.KafkaListenerEndpointContainer#0-0-C-1] o.a.k.c.c.internals.ConsumerCoordinator  : [Consumer clientId=consumer-stock-2, groupId=stock] Group coordinator 192.168.1.37:9092 (id: 2147483647 rack: null) is unavailable or invalid due to cause: null. isDisconnected: true. Rediscovery will be attempted.
2024-07-23T10:04:34.474+05:30  INFO 22432 --- [stock-service] [org.springframework.kafka.KafkaListenerEndpointContainer#0-0-C-1] o.a.k.c.c.internals.ConsumerCoordinator  : [Consumer clientId=consumer-stock-2, groupId=stock] Request joining group due to: rebalance failed due to 'null' (DisconnectException)
2024-07-23T10:04:36.630+05:30  INFO 22432 --- [stock-service] [org.springframework.kafka.KafkaListenerEndpointContainer#0-0-C-1] org.apache.kafka.clients.NetworkClient   : [Consumer clientId=consumer-stock-2, groupId=stock] Node 0 disconnected.
2024-07-23T10:04:36.630+05:30  WARN 22432 --- [stock-service] [org.springframework.kafka.KafkaListenerEndpointContainer#0-0-C-1] org.apache.kafka.clients.NetworkClient   : [Consumer clientId=consumer-stock-2, groupId=stock] Connection to node 0 (/192.168.1.37:9092) could not be established. Broker may not be available.
2024-07-23T10:04:38.851+05:30  INFO 22432 --- [stock-service] [org.springframework.kafka.KafkaListenerEndpointContainer#0-0-C-1] org.apache.kafka.clients.NetworkClient   : [Consumer clientId=consumer-stock-2, groupId=stock] Node 0 disconnected.
2024-07-23T10:04:38.851+05:30  WARN 22432 --- [stock-service] [org.springframework.kafka.KafkaListenerEndpointContainer#0-0-C-1] org.apache.kafka.clients.NetworkClient   : [Consumer clientId=consumer-stock-2, groupId=stock] Connection to node 0 (/192.168.1.37:9092) could not be established. Broker may not be available.
2024-07-23T10:04:41.128+05:30  INFO 22432 --- [stock-service] [org.springframework.kafka.KafkaListenerEndpointContainer#0-0-C-1] org.apache.kafka.clients.NetworkClient   : [Consumer clientId=consumer-stock-2, groupId=stock] Node 0 disconnected.
2024-07-23T10:04:41.129+05:30  WARN 22432 --- [stock-service] [org.springframework.kafka.KafkaListenerEndpointContainer#0-0-C-1] org.apache.kafka.clients.NetworkClient   : [Consumer clientId=consumer-stock-2, groupId=stock] Connection to node 0 (/192.168.1.37:9092) could not be established. Broker may not be available.
2024-07-23T10:04:43.532+05:30  INFO 22432 --- [stock-service] [org.springframework.kafka.KafkaListenerEndpointContainer#0-0-C-1] org.apache.kafka.clients.NetworkClient   : [Consumer clientId=consumer-stock-2, groupId=stock] Node 0 disconnected.
2024-07-23T10:04:43.532+05:30  WARN 22432 --- [stock-service] [org.springframework.kafka.KafkaListenerEndpointContainer#0-0-C-1] org.apache.kafka.clients.NetworkClient   : [Consumer clientId=consumer-stock-2, groupId=stock] Connection to node 0 (/192.168.1.37:9092) could not be established. Broker may not be available.
2024-07-23T10:04:46.390+05:30  INFO 22432 --- [stock-service] [org.springframework.kafka.KafkaListenerEndpointContainer#0-0-C-1] org.apache.kafka.clients.NetworkClient   : [Consumer clientId=consumer-stock-2, groupId=stock] Node 0 disconnected.
2024-07-23T10:04:46.390+05:30  WARN 22432 --- [stock-service] [org.springframework.kafka.KafkaListenerEndpointContainer#0-0-C-1] org.apache.kafka.clients.NetworkClient   : [Consumer clientId=consumer-stock-2, groupId=stock] Connection to node 0 (/192.168.1.37:9092) could not be established. Broker may not be available.
2024-07-23T10:04:49.420+05:30  INFO 22432 --- [stock-service] [org.springframework.kafka.KafkaListenerEndpointContainer#0-0-C-1] org.apache.kafka.clients.NetworkClient   : [Consumer clientId=consumer-stock-2, groupId=stock] Node 0 disconnected.
2024-07-23T10:04:49.420+05:30  WARN 22432 --- [stock-service] [org.springframework.kafka.KafkaListenerEndpointContainer#0-0-C-1] org.apache.kafka.clients.NetworkClient   : [Consumer clientId=consumer-stock-2, groupId=stock] Connection to node 0 (/192.168.1.37:9092) could not be established. Broker may not be available.
2024-07-23T10:04:52.381+05:30  INFO 22432 --- [stock-service] [org.springframework.kafka.KafkaListenerEndpointContainer#0-0-C-1] org.apache.kafka.clients.NetworkClient   : [Consumer clientId=consumer-stock-2, groupId=stock] Node 0 disconnected.
2024-07-23T10:04:52.381+05:30  WARN 22432 --- [stock-service] [org.springframework.kafka.KafkaListenerEndpointContainer#0-0-C-1] org.apache.kafka.clients.NetworkClient   : [Consumer clientId=consumer-stock-2, groupId=stock] Connection to node 0 (/192.168.1.37:9092) could not be established. Broker may not be available.
2024-07-23T10:04:55.280+05:30  INFO 22432 --- [stock-service] [org.springframework.kafka.KafkaListenerEndpointContainer#0-0-C-1] org.apache.kafka.clients.NetworkClient   : [Consumer clientId=consumer-stock-2, groupId=stock] Node 0 disconnected.
2024-07-23T10:04:55.280+05:30  WARN 22432 --- [stock-service] [org.springframework.kafka.KafkaListenerEndpointContainer#0-0-C-1] org.apache.kafka.clients.NetworkClient   : [Consumer clientId=consumer-stock-2, groupId=stock] Connection to node 0 (/192.168.1.37:9092) could not be established. Broker may not be available.
2024-07-23T10:04:58.311+05:30  INFO 22432 --- [stock-service] [org.springframework.kafka.KafkaListenerEndpointContainer#0-0-C-1] org.apache.kafka.clients.NetworkClient   : [Consumer clientId=consumer-stock-2, groupId=stock] Node 0 disconnected.
2024-07-23T10:04:58.311+05:30  WARN 22432 --- [stock-service] [org.springframework.kafka.KafkaListenerEndpointContainer#0-0-C-1] org.apache.kafka.clients.NetworkClient   : [Consumer clientId=consumer-stock-2, groupId=stock] Connection to node 0 (/192.168.1.37:9092) could not be established. Broker may not be available.
2024-07-23T10:05:01.409+05:30  INFO 22432 --- [stock-service] [org.springframework.kafka.KafkaListenerEndpointContainer#0-0-C-1] org.apache.kafka.clients.NetworkClient   : [Consumer clientId=consumer-stock-2, groupId=stock] Node 0 disconnected.
2024-07-23T10:05:01.409+05:30  WARN 22432 --- [stock-service] [org.springframework.kafka.KafkaListenerEndpointContainer#0-0-C-1] org.apache.kafka.clients.NetworkClient   : [Consumer clientId=consumer-stock-2, groupId=stock] Connection to node 0 (/192.168.1.37:9092) could not be established. Broker may not be available.
2024-07-23T10:05:04.491+05:30  INFO 22432 --- [stock-service] [org.springframework.kafka.KafkaListenerEndpointContainer#0-0-C-1] org.apache.kafka.clients.NetworkClient   : [Consumer clientId=consumer-stock-2, groupId=stock] Node 0 disconnected.
2024-07-23T10:05:04.491+05:30  WARN 22432 --- [stock-service] [org.springframework.kafka.KafkaListenerEndpointContainer#0-0-C-1] org.apache.kafka.clients.NetworkClient   : [Consumer clientId=consumer-stock-2, groupId=stock] Connection to node 0 (/192.168.1.37:9092) could not be established. Broker may not be available.
2024-07-23T10:05:07.521+05:30  INFO 22432 --- [stock-service] [org.springframework.kafka.KafkaListenerEndpointContainer#0-0-C-1] org.apache.kafka.clients.NetworkClient   : [Consumer clientId=consumer-stock-2, groupId=stock] Node 0 disconnected.
2024-07-23T10:05:07.521+05:30  WARN 22432 --- [stock-service] [org.springframework.kafka.KafkaListenerEndpointContainer#0-0-C-1] org.apache.kafka.clients.NetworkClient   : [Consumer clientId=consumer-stock-2, groupId=stock] Connection to node 0 (/192.168.1.37:9092) could not be established. Broker may not be available.
2024-07-23T10:05:10.433+05:30  INFO 22432 --- [stock-service] [org.springframework.kafka.KafkaListenerEndpointContainer#0-0-C-1] org.apache.kafka.clients.NetworkClient   : [Consumer clientId=consumer-stock-2, groupId=stock] Node 0 disconnected.
2024-07-23T10:05:10.433+05:30  WARN 22432 --- [stock-service] [org.springframework.kafka.KafkaListenerEndpointContainer#0-0-C-1] org.apache.kafka.clients.NetworkClient   : [Consumer clientId=consumer-stock-2, groupId=stock] Connection to node 0 (/192.168.1.37:9092) could not be established. Broker may not be available.
2024-07-23T10:05:13.655+05:30  WARN 22432 --- [stock-service] [org.springframework.kafka.KafkaListenerEndpointContainer#0-0-C-1] org.apache.kafka.clients.NetworkClient   : [Consumer clientId=consumer-stock-2, groupId=stock] Error while fetching metadata with correlation id 15 : {order_topics=INVALID_REPLICATION_FACTOR}
2024-07-23T10:05:13.790+05:30  WARN 22432 --- [stock-service] [org.springframework.kafka.KafkaListenerEndpointContainer#0-0-C-1] org.apache.kafka.clients.NetworkClient   : [Consumer clientId=consumer-stock-2, groupId=stock] Error while fetching metadata with correlation id 16 : {order_topics=LEADER_NOT_AVAILABLE}
2024-07-23T10:05:13.936+05:30  WARN 22432 --- [stock-service] [org.springframework.kafka.KafkaListenerEndpointContainer#0-0-C-1] org.apache.kafka.clients.NetworkClient   : [Consumer clientId=consumer-stock-2, groupId=stock] Error while fetching metadata with correlation id 18 : {order_topics=LEADER_NOT_AVAILABLE}
2024-07-23T10:05:14.060+05:30  WARN 22432 --- [stock-service] [org.springframework.kafka.KafkaListenerEndpointContainer#0-0-C-1] org.apache.kafka.clients.NetworkClient   : [Consumer clientId=consumer-stock-2, groupId=stock] Error while fetching metadata with correlation id 20 : {order_topics=LEADER_NOT_AVAILABLE}
2024-07-23T10:05:14.187+05:30  WARN 22432 --- [stock-service] [org.springframework.kafka.KafkaListenerEndpointContainer#0-0-C-1] org.apache.kafka.clients.NetworkClient   : [Consumer clientId=consumer-stock-2, groupId=stock] Error while fetching metadata with correlation id 22 : {order_topics=LEADER_NOT_AVAILABLE}
2024-07-23T10:05:14.312+05:30  WARN 22432 --- [stock-service] [org.springframework.kafka.KafkaListenerEndpointContainer#0-0-C-1] org.apache.kafka.clients.NetworkClient   : [Consumer clientId=consumer-stock-2, groupId=stock] Error while fetching metadata with correlation id 24 : {order_topics=LEADER_NOT_AVAILABLE}
2024-07-23T10:05:14.428+05:30  INFO 22432 --- [stock-service] [org.springframework.kafka.KafkaListenerEndpointContainer#0-0-C-1] org.apache.kafka.clients.Metadata        : [Consumer clientId=consumer-stock-2, groupId=stock] Resetting the last seen epoch of partition order_topics-0 to 0 since the associated topicId changed from null to Kt1cQJrFSwKvwZJQNAnHmg
2024-07-23T10:05:14.432+05:30  INFO 22432 --- [stock-service] [org.springframework.kafka.KafkaListenerEndpointContainer#0-0-C-1] o.a.k.c.c.internals.ConsumerCoordinator  : [Consumer clientId=consumer-stock-2, groupId=stock] Discovered group coordinator 192.168.1.37:9092 (id: 2147483647 rack: null)
2024-07-23T10:05:14.434+05:30  INFO 22432 --- [stock-service] [org.springframework.kafka.KafkaListenerEndpointContainer#0-0-C-1] o.a.k.c.c.internals.ConsumerCoordinator  : [Consumer clientId=consumer-stock-2, groupId=stock] (Re-)joining group
2024-07-23T10:05:14.463+05:30  INFO 22432 --- [stock-service] [org.springframework.kafka.KafkaListenerEndpointContainer#0-0-C-1] o.a.k.c.c.internals.ConsumerCoordinator  : [Consumer clientId=consumer-stock-2, groupId=stock] JoinGroup failed: The coordinator is not aware of this member. Need to re-join the group. Sent generation was Generation{generationId=-1, memberId='consumer-stock-2-eec49832-fb84-44e0-8eda-2411b9e128e3', protocol='null'}
2024-07-23T10:05:14.465+05:30  INFO 22432 --- [stock-service] [org.springframework.kafka.KafkaListenerEndpointContainer#0-0-C-1] o.a.k.c.c.internals.ConsumerCoordinator  : [Consumer clientId=consumer-stock-2, groupId=stock] Resetting generation and member id due to: encountered UNKNOWN_MEMBER_ID from JOIN_GROUP response
2024-07-23T10:05:14.465+05:30  INFO 22432 --- [stock-service] [org.springframework.kafka.KafkaListenerEndpointContainer#0-0-C-1] o.a.k.c.c.internals.ConsumerCoordinator  : [Consumer clientId=consumer-stock-2, groupId=stock] Request joining group due to: encountered UNKNOWN_MEMBER_ID from JOIN_GROUP response
2024-07-23T10:05:14.465+05:30  INFO 22432 --- [stock-service] [org.springframework.kafka.KafkaListenerEndpointContainer#0-0-C-1] o.a.k.c.c.internals.ConsumerCoordinator  : [Consumer clientId=consumer-stock-2, groupId=stock] Request joining group due to: rebalance failed due to 'The coordinator is not aware of this member.' (UnknownMemberIdException)
2024-07-23T10:05:14.465+05:30  INFO 22432 --- [stock-service] [org.springframework.kafka.KafkaListenerEndpointContainer#0-0-C-1] o.a.k.c.c.internals.ConsumerCoordinator  : [Consumer clientId=consumer-stock-2, groupId=stock] (Re-)joining group
2024-07-23T10:05:14.478+05:30  INFO 22432 --- [stock-service] [org.springframework.kafka.KafkaListenerEndpointContainer#0-0-C-1] o.a.k.c.c.internals.ConsumerCoordinator  : [Consumer clientId=consumer-stock-2, groupId=stock] Request joining group due to: need to re-join with the given member-id: consumer-stock-2-5c961109-4069-451d-93ca-80a39578accd
2024-07-23T10:05:14.479+05:30  INFO 22432 --- [stock-service] [org.springframework.kafka.KafkaListenerEndpointContainer#0-0-C-1] o.a.k.c.c.internals.ConsumerCoordinator  : [Consumer clientId=consumer-stock-2, groupId=stock] Request joining group due to: rebalance failed due to 'The group member needs to have a valid member id before actually entering a consumer group.' (MemberIdRequiredException)
2024-07-23T10:05:14.479+05:30  INFO 22432 --- [stock-service] [org.springframework.kafka.KafkaListenerEndpointContainer#0-0-C-1] o.a.k.c.c.internals.ConsumerCoordinator  : [Consumer clientId=consumer-stock-2, groupId=stock] (Re-)joining group
2024-07-23T10:05:26.905+05:30  INFO 22432 --- [stock-service] [org.springframework.kafka.KafkaListenerEndpointContainer#0-0-C-1] org.apache.kafka.clients.NetworkClient   : [Consumer clientId=consumer-stock-2, groupId=stock] Node 0 disconnected.
2024-07-23T10:05:26.907+05:30  INFO 22432 --- [stock-service] [org.springframework.kafka.KafkaListenerEndpointContainer#0-0-C-1] org.apache.kafka.clients.NetworkClient   : [Consumer clientId=consumer-stock-2, groupId=stock] Node 2147483647 disconnected.
2024-07-23T10:05:26.907+05:30  INFO 22432 --- [stock-service] [org.springframework.kafka.KafkaListenerEndpointContainer#0-0-C-1] org.apache.kafka.clients.NetworkClient   : [Consumer clientId=consumer-stock-2, groupId=stock] Cancelled in-flight JOIN_GROUP request with correlation id 31 due to node 2147483647 being disconnected (elapsed time since creation: 12428ms, elapsed time since send: 12428ms, request timeout: 305000ms)
2024-07-23T10:05:26.907+05:30  INFO 22432 --- [stock-service] [org.springframework.kafka.KafkaListenerEndpointContainer#0-0-C-1] o.a.k.c.c.internals.ConsumerCoordinator  : [Consumer clientId=consumer-stock-2, groupId=stock] Group coordinator 192.168.1.37:9092 (id: 2147483647 rack: null) is unavailable or invalid due to cause: null. isDisconnected: true. Rediscovery will be attempted.
2024-07-23T10:05:26.908+05:30  INFO 22432 --- [stock-service] [org.springframework.kafka.KafkaListenerEndpointContainer#0-0-C-1] o.a.k.c.c.internals.ConsumerCoordinator  : [Consumer clientId=consumer-stock-2, groupId=stock] Request joining group due to: rebalance failed due to 'null' (DisconnectException)
2024-07-23T10:05:29.055+05:30  INFO 22432 --- [stock-service] [org.springframework.kafka.KafkaListenerEndpointContainer#0-0-C-1] org.apache.kafka.clients.NetworkClient   : [Consumer clientId=consumer-stock-2, groupId=stock] Node 0 disconnected.
2024-07-23T10:05:29.055+05:30  WARN 22432 --- [stock-service] [org.springframework.kafka.KafkaListenerEndpointContainer#0-0-C-1] org.apache.kafka.clients.NetworkClient   : [Consumer clientId=consumer-stock-2, groupId=stock] Connection to node 0 (/192.168.1.37:9092) could not be established. Broker may not be available.
2024-07-23T10:05:31.202+05:30  INFO 22432 --- [stock-service] [org.springframework.kafka.KafkaListenerEndpointContainer#0-0-C-1] org.apache.kafka.clients.NetworkClient   : [Consumer clientId=consumer-stock-2, groupId=stock] Node 0 disconnected.
2024-07-23T10:05:31.202+05:30  WARN 22432 --- [stock-service] [org.springframework.kafka.KafkaListenerEndpointContainer#0-0-C-1] org.apache.kafka.clients.NetworkClient   : [Consumer clientId=consumer-stock-2, groupId=stock] Connection to node 0 (/192.168.1.37:9092) could not be established. Broker may not be available.
2024-07-23T10:05:33.480+05:30  INFO 22432 --- [stock-service] [org.springframework.kafka.KafkaListenerEndpointContainer#0-0-C-1] org.apache.kafka.clients.NetworkClient   : [Consumer clientId=consumer-stock-2, groupId=stock] Node 0 disconnected.
2024-07-23T10:05:33.480+05:30  WARN 22432 --- [stock-service] [org.springframework.kafka.KafkaListenerEndpointContainer#0-0-C-1] org.apache.kafka.clients.NetworkClient   : [Consumer clientId=consumer-stock-2, groupId=stock] Connection to node 0 (/192.168.1.37:9092) could not be established. Broker may not be available.
2024-07-23T10:05:36.002+05:30  INFO 22432 --- [stock-service] [org.springframework.kafka.KafkaListenerEndpointContainer#0-0-C-1] org.apache.kafka.clients.NetworkClient   : [Consumer clientId=consumer-stock-2, groupId=stock] Node 0 disconnected.
2024-07-23T10:05:36.002+05:30  WARN 22432 --- [stock-service] [org.springframework.kafka.KafkaListenerEndpointContainer#0-0-C-1] org.apache.kafka.clients.NetworkClient   : [Consumer clientId=consumer-stock-2, groupId=stock] Connection to node 0 (/192.168.1.37:9092) could not be established. Broker may not be available.
2024-07-23T10:05:38.929+05:30  INFO 22432 --- [stock-service] [org.springframework.kafka.KafkaListenerEndpointContainer#0-0-C-1] org.apache.kafka.clients.NetworkClient   : [Consumer clientId=consumer-stock-2, groupId=stock] Node 0 disconnected.
2024-07-23T10:05:38.929+05:30  WARN 22432 --- [stock-service] [org.springframework.kafka.KafkaListenerEndpointContainer#0-0-C-1] org.apache.kafka.clients.NetworkClient   : [Consumer clientId=consumer-stock-2, groupId=stock] Connection to node 0 (/192.168.1.37:9092) could not be established. Broker may not be available.
2024-07-23T10:05:42.140+05:30  INFO 22432 --- [stock-service] [org.springframework.kafka.KafkaListenerEndpointContainer#0-0-C-1] org.apache.kafka.clients.NetworkClient   : [Consumer clientId=consumer-stock-2, groupId=stock] Node 0 disconnected.
2024-07-23T10:05:42.140+05:30  WARN 22432 --- [stock-service] [org.springframework.kafka.KafkaListenerEndpointContainer#0-0-C-1] org.apache.kafka.clients.NetworkClient   : [Consumer clientId=consumer-stock-2, groupId=stock] Connection to node 0 (/192.168.1.37:9092) could not be established. Broker may not be available.
2024-07-23T10:05:45.207+05:30  INFO 22432 --- [stock-service] [org.springframework.kafka.KafkaListenerEndpointContainer#0-0-C-1] org.apache.kafka.clients.NetworkClient   : [Consumer clientId=consumer-stock-2, groupId=stock] Node 0 disconnected.
2024-07-23T10:05:45.207+05:30  WARN 22432 --- [stock-service] [org.springframework.kafka.KafkaListenerEndpointContainer#0-0-C-1] org.apache.kafka.clients.NetworkClient   : [Consumer clientId=consumer-stock-2, groupId=stock] Connection to node 0 (/192.168.1.37:9092) could not be established. Broker may not be available.
2024-07-23T10:05:48.417+05:30  INFO 22432 --- [stock-service] [org.springframework.kafka.KafkaListenerEndpointContainer#0-0-C-1] org.apache.kafka.clients.NetworkClient   : [Consumer clientId=consumer-stock-2, groupId=stock] Node 0 disconnected.
2024-07-23T10:05:48.417+05:30  WARN 22432 --- [stock-service] [org.springframework.kafka.KafkaListenerEndpointContainer#0-0-C-1] org.apache.kafka.clients.NetworkClient   : [Consumer clientId=consumer-stock-2, groupId=stock] Connection to node 0 (/192.168.1.37:9092) could not be established. Broker may not be available.
2024-07-23T10:05:51.337+05:30  INFO 22432 --- [stock-service] [org.springframework.kafka.KafkaListenerEndpointContainer#0-0-C-1] org.apache.kafka.clients.NetworkClient   : [Consumer clientId=consumer-stock-2, groupId=stock] Node 0 disconnected.
2024-07-23T10:05:51.337+05:30  WARN 22432 --- [stock-service] [org.springframework.kafka.KafkaListenerEndpointContainer#0-0-C-1] org.apache.kafka.clients.NetworkClient   : [Consumer clientId=consumer-stock-2, groupId=stock] Connection to node 0 (/192.168.1.37:9092) could not be established. Broker may not be available.
2024-07-23T10:05:54.549+05:30  INFO 22432 --- [stock-service] [org.springframework.kafka.KafkaListenerEndpointContainer#0-0-C-1] org.apache.kafka.clients.NetworkClient   : [Consumer clientId=consumer-stock-2, groupId=stock] Node 0 disconnected.
2024-07-23T10:05:54.549+05:30  WARN 22432 --- [stock-service] [org.springframework.kafka.KafkaListenerEndpointContainer#0-0-C-1] org.apache.kafka.clients.NetworkClient   : [Consumer clientId=consumer-stock-2, groupId=stock] Connection to node 0 (/192.168.1.37:9092) could not be established. Broker may not be available.
2024-07-23T10:05:57.770+05:30  INFO 22432 --- [stock-service] [org.springframework.kafka.KafkaListenerEndpointContainer#0-0-C-1] org.apache.kafka.clients.NetworkClient   : [Consumer clientId=consumer-stock-2, groupId=stock] Node 0 disconnected.
2024-07-23T10:05:57.770+05:30  WARN 22432 --- [stock-service] [org.springframework.kafka.KafkaListenerEndpointContainer#0-0-C-1] org.apache.kafka.clients.NetworkClient   : [Consumer clientId=consumer-stock-2, groupId=stock] Connection to node 0 (/192.168.1.37:9092) could not be established. Broker may not be available.
2024-07-23T10:06:00.800+05:30  INFO 22432 --- [stock-service] [org.springframework.kafka.KafkaListenerEndpointContainer#0-0-C-1] org.apache.kafka.clients.NetworkClient   : [Consumer clientId=consumer-stock-2, groupId=stock] Node 0 disconnected.
2024-07-23T10:06:00.800+05:30  WARN 22432 --- [stock-service] [org.springframework.kafka.KafkaListenerEndpointContainer#0-0-C-1] org.apache.kafka.clients.NetworkClient   : [Consumer clientId=consumer-stock-2, groupId=stock] Connection to node 0 (/192.168.1.37:9092) could not be established. Broker may not be available.
2024-07-23T10:06:04.082+05:30  INFO 22432 --- [stock-service] [org.springframework.kafka.KafkaListenerEndpointContainer#0-0-C-1] org.apache.kafka.clients.NetworkClient   : [Consumer clientId=consumer-stock-2, groupId=stock] Node 0 disconnected.
2024-07-23T10:06:04.082+05:30  WARN 22432 --- [stock-service] [org.springframework.kafka.KafkaListenerEndpointContainer#0-0-C-1] org.apache.kafka.clients.NetworkClient   : [Consumer clientId=consumer-stock-2, groupId=stock] Connection to node 0 (/192.168.1.37:9092) could not be established. Broker may not be available.
2024-07-23T10:06:07.052+05:30  INFO 22432 --- [stock-service] [org.springframework.kafka.KafkaListenerEndpointContainer#0-0-C-1] org.apache.kafka.clients.NetworkClient   : [Consumer clientId=consumer-stock-2, groupId=stock] Node 0 disconnected.
2024-07-23T10:06:07.053+05:30  WARN 22432 --- [stock-service] [org.springframework.kafka.KafkaListenerEndpointContainer#0-0-C-1] org.apache.kafka.clients.NetworkClient   : [Consumer clientId=consumer-stock-2, groupId=stock] Connection to node 0 (/192.168.1.37:9092) could not be established. Broker may not be available.
2024-07-23T10:06:10.261+05:30  INFO 22432 --- [stock-service] [org.springframework.kafka.KafkaListenerEndpointContainer#0-0-C-1] org.apache.kafka.clients.NetworkClient   : [Consumer clientId=consumer-stock-2, groupId=stock] Node 0 disconnected.
2024-07-23T10:06:10.261+05:30  WARN 22432 --- [stock-service] [org.springframework.kafka.KafkaListenerEndpointContainer#0-0-C-1] org.apache.kafka.clients.NetworkClient   : [Consumer clientId=consumer-stock-2, groupId=stock] Connection to node 0 (/192.168.1.37:9092) could not be established. Broker may not be available.
2024-07-23T10:06:13.472+05:30  INFO 22432 --- [stock-service] [org.springframework.kafka.KafkaListenerEndpointContainer#0-0-C-1] org.apache.kafka.clients.NetworkClient   : [Consumer clientId=consumer-stock-2, groupId=stock] Node 0 disconnected.
2024-07-23T10:06:13.472+05:30  WARN 22432 --- [stock-service] [org.springframework.kafka.KafkaListenerEndpointContainer#0-0-C-1] org.apache.kafka.clients.NetworkClient   : [Consumer clientId=consumer-stock-2, groupId=stock] Connection to node 0 (/192.168.1.37:9092) could not be established. Broker may not be available.
2024-07-23T10:06:16.674+05:30  INFO 22432 --- [stock-service] [org.springframework.kafka.KafkaListenerEndpointContainer#0-0-C-1] org.apache.kafka.clients.NetworkClient   : [Consumer clientId=consumer-stock-2, groupId=stock] Node 0 disconnected.
2024-07-23T10:06:16.674+05:30  WARN 22432 --- [stock-service] [org.springframework.kafka.KafkaListenerEndpointContainer#0-0-C-1] org.apache.kafka.clients.NetworkClient   : [Consumer clientId=consumer-stock-2, groupId=stock] Connection to node 0 (/192.168.1.37:9092) could not be established. Broker may not be available.
2024-07-23T10:06:19.890+05:30  INFO 22432 --- [stock-service] [org.springframework.kafka.KafkaListenerEndpointContainer#0-0-C-1] org.apache.kafka.clients.NetworkClient   : [Consumer clientId=consumer-stock-2, groupId=stock] Node 0 disconnected.
2024-07-23T10:06:19.890+05:30  WARN 22432 --- [stock-service] [org.springframework.kafka.KafkaListenerEndpointContainer#0-0-C-1] org.apache.kafka.clients.NetworkClient   : [Consumer clientId=consumer-stock-2, groupId=stock] Connection to node 0 (/192.168.1.37:9092) could not be established. Broker may not be available.
2024-07-23T10:06:22.921+05:30  INFO 22432 --- [stock-service] [org.springframework.kafka.KafkaListenerEndpointContainer#0-0-C-1] org.apache.kafka.clients.NetworkClient   : [Consumer clientId=consumer-stock-2, groupId=stock] Node 0 disconnected.
2024-07-23T10:06:22.921+05:30  WARN 22432 --- [stock-service] [org.springframework.kafka.KafkaListenerEndpointContainer#0-0-C-1] org.apache.kafka.clients.NetworkClient   : [Consumer clientId=consumer-stock-2, groupId=stock] Connection to node 0 (/192.168.1.37:9092) could not be established. Broker may not be available.
2024-07-23T10:06:25.943+05:30  INFO 22432 --- [stock-service] [org.springframework.kafka.KafkaListenerEndpointContainer#0-0-C-1] org.apache.kafka.clients.NetworkClient   : [Consumer clientId=consumer-stock-2, groupId=stock] Node 0 disconnected.
2024-07-23T10:06:25.944+05:30  WARN 22432 --- [stock-service] [org.springframework.kafka.KafkaListenerEndpointContainer#0-0-C-1] org.apache.kafka.clients.NetworkClient   : [Consumer clientId=consumer-stock-2, groupId=stock] Connection to node 0 (/192.168.1.37:9092) could not be established. Broker may not be available.
2024-07-23T10:06:29.222+05:30  INFO 22432 --- [stock-service] [org.springframework.kafka.KafkaListenerEndpointContainer#0-0-C-1] org.apache.kafka.clients.NetworkClient   : [Consumer clientId=consumer-stock-2, groupId=stock] Node 0 disconnected.
2024-07-23T10:06:29.222+05:30  WARN 22432 --- [stock-service] [org.springframework.kafka.KafkaListenerEndpointContainer#0-0-C-1] org.apache.kafka.clients.NetworkClient   : [Consumer clientId=consumer-stock-2, groupId=stock] Connection to node 0 (/192.168.1.37:9092) could not be established. Broker may not be available.
2024-07-23T10:06:32.363+05:30  INFO 22432 --- [stock-service] [org.springframework.kafka.KafkaListenerEndpointContainer#0-0-C-1] org.apache.kafka.clients.NetworkClient   : [Consumer clientId=consumer-stock-2, groupId=stock] Node 0 disconnected.
2024-07-23T10:06:32.363+05:30  WARN 22432 --- [stock-service] [org.springframework.kafka.KafkaListenerEndpointContainer#0-0-C-1] org.apache.kafka.clients.NetworkClient   : [Consumer clientId=consumer-stock-2, groupId=stock] Connection to node 0 (/192.168.1.37:9092) could not be established. Broker may not be available.
2024-07-23T10:06:35.410+05:30  INFO 22432 --- [stock-service] [org.springframework.kafka.KafkaListenerEndpointContainer#0-0-C-1] org.apache.kafka.clients.NetworkClient   : [Consumer clientId=consumer-stock-2, groupId=stock] Node 0 disconnected.
2024-07-23T10:06:35.410+05:30  WARN 22432 --- [stock-service] [org.springframework.kafka.KafkaListenerEndpointContainer#0-0-C-1] org.apache.kafka.clients.NetworkClient   : [Consumer clientId=consumer-stock-2, groupId=stock] Connection to node 0 (/192.168.1.37:9092) could not be established. Broker may not be available.
2024-07-23T10:06:38.572+05:30  INFO 22432 --- [stock-service] [org.springframework.kafka.KafkaListenerEndpointContainer#0-0-C-1] org.apache.kafka.clients.NetworkClient   : [Consumer clientId=consumer-stock-2, groupId=stock] Node 0 disconnected.
2024-07-23T10:06:38.572+05:30  WARN 22432 --- [stock-service] [org.springframework.kafka.KafkaListenerEndpointContainer#0-0-C-1] org.apache.kafka.clients.NetworkClient   : [Consumer clientId=consumer-stock-2, groupId=stock] Connection to node 0 (/192.168.1.37:9092) could not be established. Broker may not be available.
2024-07-23T10:06:41.715+05:30  INFO 22432 --- [stock-service] [org.springframework.kafka.KafkaListenerEndpointContainer#0-0-C-1] org.apache.kafka.clients.NetworkClient   : [Consumer clientId=consumer-stock-2, groupId=stock] Node 0 disconnected.
2024-07-23T10:06:41.717+05:30  WARN 22432 --- [stock-service] [org.springframework.kafka.KafkaListenerEndpointContainer#0-0-C-1] org.apache.kafka.clients.NetworkClient   : [Consumer clientId=consumer-stock-2, groupId=stock] Connection to node 0 (/192.168.1.37:9092) could not be established. Broker may not be available.
2024-07-23T10:06:44.866+05:30  INFO 22432 --- [stock-service] [org.springframework.kafka.KafkaListenerEndpointContainer#0-0-C-1] org.apache.kafka.clients.NetworkClient   : [Consumer clientId=consumer-stock-2, groupId=stock] Node 0 disconnected.
2024-07-23T10:06:44.866+05:30  WARN 22432 --- [stock-service] [org.springframework.kafka.KafkaListenerEndpointContainer#0-0-C-1] org.apache.kafka.clients.NetworkClient   : [Consumer clientId=consumer-stock-2, groupId=stock] Connection to node 0 (/192.168.1.37:9092) could not be established. Broker may not be available.
2024-07-23T10:06:48.093+05:30  INFO 22432 --- [stock-service] [org.springframework.kafka.KafkaListenerEndpointContainer#0-0-C-1] org.apache.kafka.clients.NetworkClient   : [Consumer clientId=consumer-stock-2, groupId=stock] Node 0 disconnected.
2024-07-23T10:06:48.093+05:30  WARN 22432 --- [stock-service] [org.springframework.kafka.KafkaListenerEndpointContainer#0-0-C-1] org.apache.kafka.clients.NetworkClient   : [Consumer clientId=consumer-stock-2, groupId=stock] Connection to node 0 (/192.168.1.37:9092) could not be established. Broker may not be available.
2024-07-23T10:06:51.126+05:30  INFO 22432 --- [stock-service] [org.springframework.kafka.KafkaListenerEndpointContainer#0-0-C-1] org.apache.kafka.clients.NetworkClient   : [Consumer clientId=consumer-stock-2, groupId=stock] Node 0 disconnected.
2024-07-23T10:06:51.126+05:30  WARN 22432 --- [stock-service] [org.springframework.kafka.KafkaListenerEndpointContainer#0-0-C-1] org.apache.kafka.clients.NetworkClient   : [Consumer clientId=consumer-stock-2, groupId=stock] Connection to node 0 (/192.168.1.37:9092) could not be established. Broker may not be available.
2024-07-23T10:06:54.405+05:30  INFO 22432 --- [stock-service] [org.springframework.kafka.KafkaListenerEndpointContainer#0-0-C-1] org.apache.kafka.clients.NetworkClient   : [Consumer clientId=consumer-stock-2, groupId=stock] Node 0 disconnected.
2024-07-23T10:06:54.406+05:30  WARN 22432 --- [stock-service] [org.springframework.kafka.KafkaListenerEndpointContainer#0-0-C-1] org.apache.kafka.clients.NetworkClient   : [Consumer clientId=consumer-stock-2, groupId=stock] Connection to node 0 (/192.168.1.37:9092) could not be established. Broker may not be available.
2024-07-23T10:06:57.618+05:30  INFO 22432 --- [stock-service] [org.springframework.kafka.KafkaListenerEndpointContainer#0-0-C-1] org.apache.kafka.clients.NetworkClient   : [Consumer clientId=consumer-stock-2, groupId=stock] Node 0 disconnected.
2024-07-23T10:06:57.619+05:30  WARN 22432 --- [stock-service] [org.springframework.kafka.KafkaListenerEndpointContainer#0-0-C-1] org.apache.kafka.clients.NetworkClient   : [Consumer clientId=consumer-stock-2, groupId=stock] Connection to node 0 (/192.168.1.37:9092) could not be established. Broker may not be available.
2024-07-23T10:07:00.851+05:30  INFO 22432 --- [stock-service] [org.springframework.kafka.KafkaListenerEndpointContainer#0-0-C-1] org.apache.kafka.clients.NetworkClient   : [Consumer clientId=consumer-stock-2, groupId=stock] Node 0 disconnected.
2024-07-23T10:07:00.851+05:30  WARN 22432 --- [stock-service] [org.springframework.kafka.KafkaListenerEndpointContainer#0-0-C-1] org.apache.kafka.clients.NetworkClient   : [Consumer clientId=consumer-stock-2, groupId=stock] Connection to node 0 (/192.168.1.37:9092) could not be established. Broker may not be available.
2024-07-23T10:07:03.822+05:30  INFO 22432 --- [stock-service] [org.springframework.kafka.KafkaListenerEndpointContainer#0-0-C-1] org.apache.kafka.clients.NetworkClient   : [Consumer clientId=consumer-stock-2, groupId=stock] Node 0 disconnected.
2024-07-23T10:07:03.822+05:30  WARN 22432 --- [stock-service] [org.springframework.kafka.KafkaListenerEndpointContainer#0-0-C-1] org.apache.kafka.clients.NetworkClient   : [Consumer clientId=consumer-stock-2, groupId=stock] Connection to node 0 (/192.168.1.37:9092) could not be established. Broker may not be available.
2024-07-23T10:07:06.968+05:30  INFO 22432 --- [stock-service] [org.springframework.kafka.KafkaListenerEndpointContainer#0-0-C-1] org.apache.kafka.clients.NetworkClient   : [Consumer clientId=consumer-stock-2, groupId=stock] Node 0 disconnected.
2024-07-23T10:07:06.968+05:30  WARN 22432 --- [stock-service] [org.springframework.kafka.KafkaListenerEndpointContainer#0-0-C-1] org.apache.kafka.clients.NetworkClient   : [Consumer clientId=consumer-stock-2, groupId=stock] Connection to node 0 (/192.168.1.37:9092) could not be established. Broker may not be available.
2024-07-23T10:07:10.118+05:30  INFO 22432 --- [stock-service] [org.springframework.kafka.KafkaListenerEndpointContainer#0-0-C-1] org.apache.kafka.clients.NetworkClient   : [Consumer clientId=consumer-stock-2, groupId=stock] Node 0 disconnected.
2024-07-23T10:07:10.118+05:30  WARN 22432 --- [stock-service] [org.springframework.kafka.KafkaListenerEndpointContainer#0-0-C-1] org.apache.kafka.clients.NetworkClient   : [Consumer clientId=consumer-stock-2, groupId=stock] Connection to node 0 (/192.168.1.37:9092) could not be established. Broker may not be available.
2024-07-23T10:07:13.410+05:30  INFO 22432 --- [stock-service] [org.springframework.kafka.KafkaListenerEndpointContainer#0-0-C-1] org.apache.kafka.clients.NetworkClient   : [Consumer clientId=consumer-stock-2, groupId=stock] Node 0 disconnected.
2024-07-23T10:07:13.410+05:30  WARN 22432 --- [stock-service] [org.springframework.kafka.KafkaListenerEndpointContainer#0-0-C-1] org.apache.kafka.clients.NetworkClient   : [Consumer clientId=consumer-stock-2, groupId=stock] Connection to node 0 (/192.168.1.37:9092) could not be established. Broker may not be available.
2024-07-23T10:07:16.350+05:30  INFO 22432 --- [stock-service] [org.springframework.kafka.KafkaListenerEndpointContainer#0-0-C-1] org.apache.kafka.clients.NetworkClient   : [Consumer clientId=consumer-stock-2, groupId=stock] Node 0 disconnected.
2024-07-23T10:07:16.350+05:30  WARN 22432 --- [stock-service] [org.springframework.kafka.KafkaListenerEndpointContainer#0-0-C-1] org.apache.kafka.clients.NetworkClient   : [Consumer clientId=consumer-stock-2, groupId=stock] Connection to node 0 (/192.168.1.37:9092) could not be established. Broker may not be available.
2024-07-23T10:07:19.502+05:30  INFO 22432 --- [stock-service] [org.springframework.kafka.KafkaListenerEndpointContainer#0-0-C-1] org.apache.kafka.clients.NetworkClient   : [Consumer clientId=consumer-stock-2, groupId=stock] Node 0 disconnected.
2024-07-23T10:07:19.503+05:30  WARN 22432 --- [stock-service] [org.springframework.kafka.KafkaListenerEndpointContainer#0-0-C-1] org.apache.kafka.clients.NetworkClient   : [Consumer clientId=consumer-stock-2, groupId=stock] Connection to node 0 (/192.168.1.37:9092) could not be established. Broker may not be available.
2024-07-23T10:07:22.491+05:30  INFO 22432 --- [stock-service] [org.springframework.kafka.KafkaListenerEndpointContainer#0-0-C-1] org.apache.kafka.clients.NetworkClient   : [Consumer clientId=consumer-stock-2, groupId=stock] Node 0 disconnected.
2024-07-23T10:07:22.491+05:30  WARN 22432 --- [stock-service] [org.springframework.kafka.KafkaListenerEndpointContainer#0-0-C-1] org.apache.kafka.clients.NetworkClient   : [Consumer clientId=consumer-stock-2, groupId=stock] Connection to node 0 (/192.168.1.37:9092) could not be established. Broker may not be available.
2024-07-23T10:07:25.634+05:30  INFO 22432 --- [stock-service] [org.springframework.kafka.KafkaListenerEndpointContainer#0-0-C-1] org.apache.kafka.clients.NetworkClient   : [Consumer clientId=consumer-stock-2, groupId=stock] Node 0 disconnected.
2024-07-23T10:07:25.634+05:30  WARN 22432 --- [stock-service] [org.springframework.kafka.KafkaListenerEndpointContainer#0-0-C-1] org.apache.kafka.clients.NetworkClient   : [Consumer clientId=consumer-stock-2, groupId=stock] Connection to node 0 (/192.168.1.37:9092) could not be established. Broker may not be available.
2024-07-23T10:07:28.653+05:30  INFO 22432 --- [stock-service] [org.springframework.kafka.KafkaListenerEndpointContainer#0-0-C-1] org.apache.kafka.clients.NetworkClient   : [Consumer clientId=consumer-stock-2, groupId=stock] Node 0 disconnected.
2024-07-23T10:07:28.653+05:30  WARN 22432 --- [stock-service] [org.springframework.kafka.KafkaListenerEndpointContainer#0-0-C-1] org.apache.kafka.clients.NetworkClient   : [Consumer clientId=consumer-stock-2, groupId=stock] Connection to node 0 (/192.168.1.37:9092) could not be established. Broker may not be available.
2024-07-23T10:07:31.948+05:30  INFO 22432 --- [stock-service] [org.springframework.kafka.KafkaListenerEndpointContainer#0-0-C-1] org.apache.kafka.clients.NetworkClient   : [Consumer clientId=consumer-stock-2, groupId=stock] Node 0 disconnected.
2024-07-23T10:07:31.948+05:30  WARN 22432 --- [stock-service] [org.springframework.kafka.KafkaListenerEndpointContainer#0-0-C-1] org.apache.kafka.clients.NetworkClient   : [Consumer clientId=consumer-stock-2, groupId=stock] Connection to node 0 (/192.168.1.37:9092) could not be established. Broker may not be available.
2024-07-23T10:07:34.198+05:30  INFO 22432 --- [stock-service] [File Watcher] rtingClassPathChangeChangedEventListener : Restarting due to 2 class path changes (0 additions, 0 deletions, 2 modifications)
2024-07-23T10:07:34.238+05:30  INFO 22432 --- [stock-service] [Thread-7] o.s.c.n.e.s.EurekaServiceRegistry        : Unregistering application STOCK-SERVICE with eureka with status DOWN
2024-07-23T10:07:34.239+05:30  INFO 22432 --- [stock-service] [Thread-7] com.netflix.discovery.DiscoveryClient    : Saw local status change event StatusChangeEvent [timestamp=1721709454239, current=DOWN, previous=UP]
2024-07-23T10:07:34.239+05:30  INFO 22432 --- [stock-service] [DiscoveryClient-InstanceInfoReplicator-0] com.netflix.discovery.DiscoveryClient    : DiscoveryClient_STOCK-SERVICE/localhost:stock-service:8082: registering service...
2024-07-23T10:07:34.280+05:30  INFO 22432 --- [stock-service] [DiscoveryClient-InstanceInfoReplicator-0] com.netflix.discovery.DiscoveryClient    : DiscoveryClient_STOCK-SERVICE/localhost:stock-service:8082 - registration status: 204
2024-07-23T10:07:34.292+05:30  INFO 22432 --- [stock-service] [org.springframework.kafka.KafkaListenerEndpointContainer#0-0-C-1] o.a.k.c.c.internals.ConsumerCoordinator  : [Consumer clientId=consumer-stock-2, groupId=stock] Resetting generation and member id due to: consumer pro-actively leaving the group
2024-07-23T10:07:34.292+05:30  INFO 22432 --- [stock-service] [org.springframework.kafka.KafkaListenerEndpointContainer#0-0-C-1] o.a.k.c.c.internals.ConsumerCoordinator  : [Consumer clientId=consumer-stock-2, groupId=stock] Request joining group due to: consumer pro-actively leaving the group
2024-07-23T10:07:34.292+05:30  INFO 22432 --- [stock-service] [org.springframework.kafka.KafkaListenerEndpointContainer#0-0-C-1] fkaConsumerFactory$ExtendedKafkaConsumer : [Consumer clientId=consumer-stock-2, groupId=stock] Unsubscribed all topics or patterns and assigned partitions
2024-07-23T10:07:34.296+05:30  INFO 22432 --- [stock-service] [org.springframework.kafka.KafkaListenerEndpointContainer#0-0-C-1] o.a.k.c.c.internals.ConsumerCoordinator  : [Consumer clientId=consumer-stock-2, groupId=stock] Resetting generation and member id due to: consumer pro-actively leaving the group
2024-07-23T10:07:34.296+05:30  INFO 22432 --- [stock-service] [org.springframework.kafka.KafkaListenerEndpointContainer#0-0-C-1] o.a.k.c.c.internals.ConsumerCoordinator  : [Consumer clientId=consumer-stock-2, groupId=stock] Request joining group due to: consumer pro-actively leaving the group
2024-07-23T10:07:34.302+05:30  INFO 22432 --- [stock-service] [org.springframework.kafka.KafkaListenerEndpointContainer#0-0-C-1] o.apache.kafka.common.metrics.Metrics    : Metrics scheduler closed
2024-07-23T10:07:34.303+05:30  INFO 22432 --- [stock-service] [org.springframework.kafka.KafkaListenerEndpointContainer#0-0-C-1] o.apache.kafka.common.metrics.Metrics    : Closing reporter org.apache.kafka.common.metrics.JmxReporter
2024-07-23T10:07:34.304+05:30  INFO 22432 --- [stock-service] [org.springframework.kafka.KafkaListenerEndpointContainer#0-0-C-1] o.apache.kafka.common.metrics.Metrics    : Metrics reporters closed
2024-07-23T10:07:34.331+05:30  INFO 22432 --- [stock-service] [org.springframework.kafka.KafkaListenerEndpointContainer#0-0-C-1] o.a.kafka.common.utils.AppInfoParser     : App info kafka.consumer for consumer-stock-2 unregistered
2024-07-23T10:07:34.334+05:30  INFO 22432 --- [stock-service] [org.springframework.kafka.KafkaListenerEndpointContainer#0-0-C-1] o.s.k.l.KafkaMessageListenerContainer    : stock: Consumer stopped
2024-07-23T10:07:34.394+05:30  INFO 22432 --- [stock-service] [Thread-7] com.netflix.discovery.DiscoveryClient    : Shutting down DiscoveryClient ...
2024-07-23T10:07:37.432+05:30  INFO 22432 --- [stock-service] [Thread-7] com.netflix.discovery.DiscoveryClient    : Unregistering ...
2024-07-23T10:07:37.456+05:30  INFO 22432 --- [stock-service] [Thread-7] com.netflix.discovery.DiscoveryClient    : DiscoveryClient_STOCK-SERVICE/localhost:stock-service:8082 - deregister  status: 200
2024-07-23T10:07:37.475+05:30  INFO 22432 --- [stock-service] [Thread-7] com.netflix.discovery.DiscoveryClient    : Completed shut down of DiscoveryClient
